[0.021s] Invoking command in '/home/rharvey/code/ros2_for_beginners_2025/ros2_ws/build/my_cpp_pkg': CMAKE_PREFIX_PATH=${CMAKE_PREFIX_PATH}:/home/rharvey/code/ros2_for_beginners_2025/ros2_ws/install/my_py_pkg:/opt/ros/jazzy DEBUGINFOD_URLS=https://debuginfod.ubuntu.com /usr/bin/cmake --build /home/rharvey/code/ros2_for_beginners_2025/ros2_ws/build/my_cpp_pkg -- -j6 -l6
[0.122s] [ 50%] [32mBuilding CXX object CMakeFiles/cpp_node.dir/src/my_first_node.cpp.o[0m
[3.559s] [100%] [32m[1mLinking CXX executable cpp_node[0m
[3.687s] [100%] Built target cpp_node
[3.704s] Invoked command in '/home/rharvey/code/ros2_for_beginners_2025/ros2_ws/build/my_cpp_pkg' returned '0': CMAKE_PREFIX_PATH=${CMAKE_PREFIX_PATH}:/home/rharvey/code/ros2_for_beginners_2025/ros2_ws/install/my_py_pkg:/opt/ros/jazzy DEBUGINFOD_URLS=https://debuginfod.ubuntu.com /usr/bin/cmake --build /home/rharvey/code/ros2_for_beginners_2025/ros2_ws/build/my_cpp_pkg -- -j6 -l6
[3.723s] Invoking command in '/home/rharvey/code/ros2_for_beginners_2025/ros2_ws/build/my_cpp_pkg': CMAKE_PREFIX_PATH=${CMAKE_PREFIX_PATH}:/home/rharvey/code/ros2_for_beginners_2025/ros2_ws/install/my_py_pkg:/opt/ros/jazzy DEBUGINFOD_URLS=https://debuginfod.ubuntu.com /usr/bin/cmake --install /home/rharvey/code/ros2_for_beginners_2025/ros2_ws/build/my_cpp_pkg
[3.738s] -- Install configuration: ""
[3.739s] -- Installing: /home/rharvey/code/ros2_for_beginners_2025/ros2_ws/install/my_cpp_pkg/lib/my_cpp_pkg/cpp_node
[3.740s] -- Set non-toolchain portion of runtime path of "/home/rharvey/code/ros2_for_beginners_2025/ros2_ws/install/my_cpp_pkg/lib/my_cpp_pkg/cpp_node" to ""
[3.741s] -- Up-to-date: /home/rharvey/code/ros2_for_beginners_2025/ros2_ws/install/my_cpp_pkg/share/ament_index/resource_index/package_run_dependencies/my_cpp_pkg
[3.742s] -- Installing: /home/rharvey/code/ros2_for_beginners_2025/ros2_ws/install/my_cpp_pkg/share/ament_index/resource_index/parent_prefix_path/my_cpp_pkg
[3.743s] -- Up-to-date: /home/rharvey/code/ros2_for_beginners_2025/ros2_ws/install/my_cpp_pkg/share/my_cpp_pkg/environment/ament_prefix_path.sh
[3.743s] -- Up-to-date: /home/rharvey/code/ros2_for_beginners_2025/ros2_ws/install/my_cpp_pkg/share/my_cpp_pkg/environment/ament_prefix_path.dsv
[3.744s] -- Up-to-date: /home/rharvey/code/ros2_for_beginners_2025/ros2_ws/install/my_cpp_pkg/share/my_cpp_pkg/environment/path.sh
[3.745s] -- Up-to-date: /home/rharvey/code/ros2_for_beginners_2025/ros2_ws/install/my_cpp_pkg/share/my_cpp_pkg/environment/path.dsv
[3.745s] -- Up-to-date: /home/rharvey/code/ros2_for_beginners_2025/ros2_ws/install/my_cpp_pkg/share/my_cpp_pkg/local_setup.bash
[3.746s] -- Up-to-date: /home/rharvey/code/ros2_for_beginners_2025/ros2_ws/install/my_cpp_pkg/share/my_cpp_pkg/local_setup.sh
[3.746s] -- Up-to-date: /home/rharvey/code/ros2_for_beginners_2025/ros2_ws/install/my_cpp_pkg/share/my_cpp_pkg/local_setup.zsh
[3.746s] -- Up-to-date: /home/rharvey/code/ros2_for_beginners_2025/ros2_ws/install/my_cpp_pkg/share/my_cpp_pkg/local_setup.dsv
[3.747s] -- Installing: /home/rharvey/code/ros2_for_beginners_2025/ros2_ws/install/my_cpp_pkg/share/my_cpp_pkg/package.dsv
[3.750s] -- Up-to-date: /home/rharvey/code/ros2_for_beginners_2025/ros2_ws/install/my_cpp_pkg/share/ament_index/resource_index/packages/my_cpp_pkg
[3.751s] -- Up-to-date: /home/rharvey/code/ros2_for_beginners_2025/ros2_ws/install/my_cpp_pkg/share/my_cpp_pkg/cmake/my_cpp_pkgConfig.cmake
[3.753s] -- Up-to-date: /home/rharvey/code/ros2_for_beginners_2025/ros2_ws/install/my_cpp_pkg/share/my_cpp_pkg/cmake/my_cpp_pkgConfig-version.cmake
[3.753s] -- Up-to-date: /home/rharvey/code/ros2_for_beginners_2025/ros2_ws/install/my_cpp_pkg/share/my_cpp_pkg/package.xml
[3.756s] Invoked command in '/home/rharvey/code/ros2_for_beginners_2025/ros2_ws/build/my_cpp_pkg' returned '0': CMAKE_PREFIX_PATH=${CMAKE_PREFIX_PATH}:/home/rharvey/code/ros2_for_beginners_2025/ros2_ws/install/my_py_pkg:/opt/ros/jazzy DEBUGINFOD_URLS=https://debuginfod.ubuntu.com /usr/bin/cmake --install /home/rharvey/code/ros2_for_beginners_2025/ros2_ws/build/my_cpp_pkg
