[0.019s] Invoking command in '/home/rharvey/code/ros2_for_beginners_2025/ros2_ws/build/my_cpp_pkg': CMAKE_PREFIX_PATH=${CMAKE_PREFIX_PATH}:/opt/ros/jazzy DEBUGINFOD_URLS=https://debuginfod.ubuntu.com /usr/bin/cmake /home/rharvey/code/ros2_for_beginners_2025/ros2_ws/src/my_cpp_pkg -DCMAKE_BUILD_TYPE=RelWithDebInfo -DAMENT_CMAKE_SYMLINK_INSTALL=1 -DCMAKE_INSTALL_PREFIX=/home/rharvey/code/ros2_for_beginners_2025/ros2_ws/install/my_cpp_pkg
[0.039s] -- Found ament_cmake: 2.5.3 (/opt/ros/jazzy/share/ament_cmake/cmake)
[0.344s] -- Override CMake install command with custom implementation using symlinks instead of copying resources
[0.354s] -- Found rclcpp: 28.1.6 (/opt/ros/jazzy/share/rclcpp/cmake)
[0.390s] -- Found rosidl_generator_c: 4.6.5 (/opt/ros/jazzy/share/rosidl_generator_c/cmake)
[0.416s] -- Found rosidl_generator_cpp: 4.6.5 (/opt/ros/jazzy/share/rosidl_generator_cpp/cmake)
[0.459s] -- Using all available rosidl_typesupport_c: rosidl_typesupport_fastrtps_c;rosidl_typesupport_introspection_c
[0.471s] -- Using all available rosidl_typesupport_cpp: rosidl_typesupport_fastrtps_cpp;rosidl_typesupport_introspection_cpp
[0.542s] -- Found rmw_implementation_cmake: 7.3.1 (/opt/ros/jazzy/share/rmw_implementation_cmake/cmake)
[0.543s] -- Found rmw_fastrtps_cpp: 8.4.1 (/opt/ros/jazzy/share/rmw_fastrtps_cpp/cmake)
[0.624s] -- Using RMW implementation 'rmw_fastrtps_cpp' as default
[0.727s] -- Found ament_lint_auto: 0.17.1 (/opt/ros/jazzy/share/ament_lint_auto/cmake)
[0.888s] -- Added test 'cppcheck' to perform static code analysis on C / C++ code
[0.889s] -- Configured cppcheck include dirs: 
[0.889s] -- Configured cppcheck exclude dirs and/or files: 
[0.890s] -- Added test 'lint_cmake' to check CMake code style
[0.891s] -- Added test 'uncrustify' to check C / C++ code style
[0.891s] -- Configured uncrustify additional arguments: 
[0.891s] -- Added test 'xmllint' to check XML markup files
[0.893s] -- Configuring done (0.9s)
[0.905s] -- Generating done (0.0s)
[0.911s] -- Build files have been written to: /home/rharvey/code/ros2_for_beginners_2025/ros2_ws/build/my_cpp_pkg
[0.926s] Invoked command in '/home/rharvey/code/ros2_for_beginners_2025/ros2_ws/build/my_cpp_pkg' returned '0': CMAKE_PREFIX_PATH=${CMAKE_PREFIX_PATH}:/opt/ros/jazzy DEBUGINFOD_URLS=https://debuginfod.ubuntu.com /usr/bin/cmake /home/rharvey/code/ros2_for_beginners_2025/ros2_ws/src/my_cpp_pkg -DCMAKE_BUILD_TYPE=RelWithDebInfo -DAMENT_CMAKE_SYMLINK_INSTALL=1 -DCMAKE_INSTALL_PREFIX=/home/rharvey/code/ros2_for_beginners_2025/ros2_ws/install/my_cpp_pkg
[0.928s] Invoking command in '/home/rharvey/code/ros2_for_beginners_2025/ros2_ws/build/my_cpp_pkg': CMAKE_PREFIX_PATH=${CMAKE_PREFIX_PATH}:/opt/ros/jazzy DEBUGINFOD_URLS=https://debuginfod.ubuntu.com /usr/bin/cmake --build /home/rharvey/code/ros2_for_beginners_2025/ros2_ws/build/my_cpp_pkg -- -j6 -l6
[1.031s] [ 50%] [32mBuilding CXX object CMakeFiles/cpp_node.dir/src/my_first_node.cpp.o[0m
[5.567s] [100%] [32m[1mLinking CXX executable cpp_node[0m
[5.764s] [100%] Built target cpp_node
[5.780s] Invoked command in '/home/rharvey/code/ros2_for_beginners_2025/ros2_ws/build/my_cpp_pkg' returned '0': CMAKE_PREFIX_PATH=${CMAKE_PREFIX_PATH}:/opt/ros/jazzy DEBUGINFOD_URLS=https://debuginfod.ubuntu.com /usr/bin/cmake --build /home/rharvey/code/ros2_for_beginners_2025/ros2_ws/build/my_cpp_pkg -- -j6 -l6
[5.800s] Invoking command in '/home/rharvey/code/ros2_for_beginners_2025/ros2_ws/build/my_cpp_pkg': CMAKE_PREFIX_PATH=${CMAKE_PREFIX_PATH}:/opt/ros/jazzy DEBUGINFOD_URLS=https://debuginfod.ubuntu.com /usr/bin/cmake --install /home/rharvey/code/ros2_for_beginners_2025/ros2_ws/build/my_cpp_pkg
[5.814s] -- Install configuration: "RelWithDebInfo"
[5.814s] -- Execute custom install script
[5.815s] -- Symlinking: /home/rharvey/code/ros2_for_beginners_2025/ros2_ws/install/my_cpp_pkg/lib/my_cpp_pkg/cpp_node
[5.828s] -- Symlinking: /home/rharvey/code/ros2_for_beginners_2025/ros2_ws/install/my_cpp_pkg/share/ament_index/resource_index/package_run_dependencies/my_cpp_pkg
[5.847s] -- Symlinking: /home/rharvey/code/ros2_for_beginners_2025/ros2_ws/install/my_cpp_pkg/share/ament_index/resource_index/parent_prefix_path/my_cpp_pkg
[5.863s] -- Symlinking: /home/rharvey/code/ros2_for_beginners_2025/ros2_ws/install/my_cpp_pkg/share/my_cpp_pkg/environment/ament_prefix_path.sh
[5.876s] -- Symlinking: /home/rharvey/code/ros2_for_beginners_2025/ros2_ws/install/my_cpp_pkg/share/my_cpp_pkg/environment/ament_prefix_path.dsv
[5.889s] -- Symlinking: /home/rharvey/code/ros2_for_beginners_2025/ros2_ws/install/my_cpp_pkg/share/my_cpp_pkg/environment/path.sh
[5.914s] -- Symlinking: /home/rharvey/code/ros2_for_beginners_2025/ros2_ws/install/my_cpp_pkg/share/my_cpp_pkg/environment/path.dsv
[5.938s] -- Symlinking: /home/rharvey/code/ros2_for_beginners_2025/ros2_ws/install/my_cpp_pkg/share/my_cpp_pkg/local_setup.bash
[5.955s] -- Symlinking: /home/rharvey/code/ros2_for_beginners_2025/ros2_ws/install/my_cpp_pkg/share/my_cpp_pkg/local_setup.sh
[5.967s] -- Symlinking: /home/rharvey/code/ros2_for_beginners_2025/ros2_ws/install/my_cpp_pkg/share/my_cpp_pkg/local_setup.zsh
[5.982s] -- Symlinking: /home/rharvey/code/ros2_for_beginners_2025/ros2_ws/install/my_cpp_pkg/share/my_cpp_pkg/local_setup.dsv
[6.001s] -- Symlinking: /home/rharvey/code/ros2_for_beginners_2025/ros2_ws/install/my_cpp_pkg/share/my_cpp_pkg/package.dsv
[6.019s] -- Symlinking: /home/rharvey/code/ros2_for_beginners_2025/ros2_ws/install/my_cpp_pkg/share/ament_index/resource_index/packages/my_cpp_pkg
[6.035s] -- Symlinking: /home/rharvey/code/ros2_for_beginners_2025/ros2_ws/install/my_cpp_pkg/share/my_cpp_pkg/cmake/my_cpp_pkgConfig.cmake
[6.059s] -- Symlinking: /home/rharvey/code/ros2_for_beginners_2025/ros2_ws/install/my_cpp_pkg/share/my_cpp_pkg/cmake/my_cpp_pkgConfig-version.cmake
[6.073s] -- Symlinking: /home/rharvey/code/ros2_for_beginners_2025/ros2_ws/install/my_cpp_pkg/share/my_cpp_pkg/package.xml
[6.093s] Invoked command in '/home/rharvey/code/ros2_for_beginners_2025/ros2_ws/build/my_cpp_pkg' returned '0': CMAKE_PREFIX_PATH=${CMAKE_PREFIX_PATH}:/opt/ros/jazzy DEBUGINFOD_URLS=https://debuginfod.ubuntu.com /usr/bin/cmake --install /home/rharvey/code/ros2_for_beginners_2025/ros2_ws/build/my_cpp_pkg
