[0.182s] DEBUG:colcon:Command line arguments: ['/usr/bin/colcon', 'build', '--base-paths', '/home/rharvey/code/ros2_for_beginners_2025/ros2_ws', '--cmake-args', '-DCMAKE_BUILD_TYPE=RelWithDebInfo']
[0.182s] DEBUG:colcon:Parsed command line arguments: Namespace(log_base=None, log_level=None, verb_name='build', build_base='build', install_base='install', merge_install=False, symlink_install=False, test_result_base=None, continue_on_error=False, executor='parallel', parallel_workers=6, event_handlers=None, ignore_user_meta=False, metas=['./colcon.meta'], base_paths=['/home/rharvey/code/ros2_for_beginners_2025/ros2_ws'], packages_ignore=None, packages_ignore_regex=None, paths=None, packages_up_to=None, packages_up_to_regex=None, packages_above=None, packages_above_and_dependencies=None, packages_above_depth=None, packages_select_by_dep=None, packages_skip_by_dep=None, packages_skip_up_to=None, packages_select_build_failed=False, packages_skip_build_finished=False, packages_select_test_failures=False, packages_skip_test_passed=False, packages_select=None, packages_skip=None, packages_select_regex=None, packages_skip_regex=None, packages_start=None, packages_end=None, allow_overriding=[], cmake_args=['-DCMAKE_BUILD_TYPE=RelWithDebInfo'], cmake_target=None, cmake_target_skip_unavailable=False, cmake_clean_cache=False, cmake_clean_first=False, cmake_force_configure=False, ament_cmake_args=None, catkin_cmake_args=None, catkin_skip_building_tests=False, mixin_files=None, mixin=None, verb_parser=<colcon_mixin.mixin.mixin_argument.MixinArgumentDecorator object at 0x7e85fa87bc80>, verb_extension=<colcon_core.verb.build.BuildVerb object at 0x7e85fa9c40b0>, main=<bound method BuildVerb.main of <colcon_core.verb.build.BuildVerb object at 0x7e85fa9c40b0>>, mixin_verb=('build',))
[0.241s] Level 1:colcon.colcon_core.package_discovery:discover_packages(colcon_meta) check parameters
[0.242s] Level 1:colcon.colcon_core.package_discovery:discover_packages(recursive) check parameters
[0.242s] Level 1:colcon.colcon_core.package_discovery:discover_packages(ignore) check parameters
[0.242s] Level 1:colcon.colcon_core.package_discovery:discover_packages(path) check parameters
[0.242s] Level 1:colcon.colcon_core.package_discovery:discover_packages(recursive) discover
[0.242s] INFO:colcon.colcon_core.package_discovery:Crawling recursively for packages in '/home/rharvey/code/ros2_for_beginners_2025/ros2_ws'
[0.242s] Level 1:colcon.colcon_core.package_identification:_identify(/home/rharvey/code/ros2_for_beginners_2025/ros2_ws) by extensions ['ignore', 'ignore_ament_install']
[0.242s] Level 1:colcon.colcon_core.package_identification:_identify(/home/rharvey/code/ros2_for_beginners_2025/ros2_ws) by extension 'ignore'
[0.243s] Level 1:colcon.colcon_core.package_identification:_identify(/home/rharvey/code/ros2_for_beginners_2025/ros2_ws) by extension 'ignore_ament_install'
[0.243s] Level 1:colcon.colcon_core.package_identification:_identify(/home/rharvey/code/ros2_for_beginners_2025/ros2_ws) by extensions ['colcon_pkg']
[0.243s] Level 1:colcon.colcon_core.package_identification:_identify(/home/rharvey/code/ros2_for_beginners_2025/ros2_ws) by extension 'colcon_pkg'
[0.243s] Level 1:colcon.colcon_core.package_identification:_identify(/home/rharvey/code/ros2_for_beginners_2025/ros2_ws) by extensions ['colcon_meta']
[0.243s] Level 1:colcon.colcon_core.package_identification:_identify(/home/rharvey/code/ros2_for_beginners_2025/ros2_ws) by extension 'colcon_meta'
[0.243s] Level 1:colcon.colcon_core.package_identification:_identify(/home/rharvey/code/ros2_for_beginners_2025/ros2_ws) by extensions ['ros']
[0.243s] Level 1:colcon.colcon_core.package_identification:_identify(/home/rharvey/code/ros2_for_beginners_2025/ros2_ws) by extension 'ros'
[0.282s] Level 1:colcon.colcon_core.package_identification:_identify(/home/rharvey/code/ros2_for_beginners_2025/ros2_ws) by extensions ['cmake', 'python']
[0.282s] Level 1:colcon.colcon_core.package_identification:_identify(/home/rharvey/code/ros2_for_beginners_2025/ros2_ws) by extension 'cmake'
[0.282s] Level 1:colcon.colcon_core.package_identification:_identify(/home/rharvey/code/ros2_for_beginners_2025/ros2_ws) by extension 'python'
[0.283s] Level 1:colcon.colcon_core.package_identification:_identify(/home/rharvey/code/ros2_for_beginners_2025/ros2_ws) by extensions ['python_setup_py']
[0.283s] Level 1:colcon.colcon_core.package_identification:_identify(/home/rharvey/code/ros2_for_beginners_2025/ros2_ws) by extension 'python_setup_py'
[0.283s] Level 1:colcon.colcon_core.package_identification:_identify(/home/rharvey/code/ros2_for_beginners_2025/ros2_ws/build) by extensions ['ignore', 'ignore_ament_install']
[0.283s] Level 1:colcon.colcon_core.package_identification:_identify(/home/rharvey/code/ros2_for_beginners_2025/ros2_ws/build) by extension 'ignore'
[0.283s] Level 1:colcon.colcon_core.package_identification:_identify(/home/rharvey/code/ros2_for_beginners_2025/ros2_ws/build) ignored
[0.283s] Level 1:colcon.colcon_core.package_identification:_identify(/home/rharvey/code/ros2_for_beginners_2025/ros2_ws/install) by extensions ['ignore', 'ignore_ament_install']
[0.283s] Level 1:colcon.colcon_core.package_identification:_identify(/home/rharvey/code/ros2_for_beginners_2025/ros2_ws/install) by extension 'ignore'
[0.284s] Level 1:colcon.colcon_core.package_identification:_identify(/home/rharvey/code/ros2_for_beginners_2025/ros2_ws/install) ignored
[0.284s] Level 1:colcon.colcon_core.package_identification:_identify(/home/rharvey/code/ros2_for_beginners_2025/ros2_ws/log) by extensions ['ignore', 'ignore_ament_install']
[0.284s] Level 1:colcon.colcon_core.package_identification:_identify(/home/rharvey/code/ros2_for_beginners_2025/ros2_ws/log) by extension 'ignore'
[0.284s] Level 1:colcon.colcon_core.package_identification:_identify(/home/rharvey/code/ros2_for_beginners_2025/ros2_ws/log) ignored
[0.284s] Level 1:colcon.colcon_core.package_identification:_identify(/home/rharvey/code/ros2_for_beginners_2025/ros2_ws/src) by extensions ['ignore', 'ignore_ament_install']
[0.284s] Level 1:colcon.colcon_core.package_identification:_identify(/home/rharvey/code/ros2_for_beginners_2025/ros2_ws/src) by extension 'ignore'
[0.285s] Level 1:colcon.colcon_core.package_identification:_identify(/home/rharvey/code/ros2_for_beginners_2025/ros2_ws/src) by extension 'ignore_ament_install'
[0.285s] Level 1:colcon.colcon_core.package_identification:_identify(/home/rharvey/code/ros2_for_beginners_2025/ros2_ws/src) by extensions ['colcon_pkg']
[0.285s] Level 1:colcon.colcon_core.package_identification:_identify(/home/rharvey/code/ros2_for_beginners_2025/ros2_ws/src) by extension 'colcon_pkg'
[0.285s] Level 1:colcon.colcon_core.package_identification:_identify(/home/rharvey/code/ros2_for_beginners_2025/ros2_ws/src) by extensions ['colcon_meta']
[0.285s] Level 1:colcon.colcon_core.package_identification:_identify(/home/rharvey/code/ros2_for_beginners_2025/ros2_ws/src) by extension 'colcon_meta'
[0.285s] Level 1:colcon.colcon_core.package_identification:_identify(/home/rharvey/code/ros2_for_beginners_2025/ros2_ws/src) by extensions ['ros']
[0.285s] Level 1:colcon.colcon_core.package_identification:_identify(/home/rharvey/code/ros2_for_beginners_2025/ros2_ws/src) by extension 'ros'
[0.285s] Level 1:colcon.colcon_core.package_identification:_identify(/home/rharvey/code/ros2_for_beginners_2025/ros2_ws/src) by extensions ['cmake', 'python']
[0.285s] Level 1:colcon.colcon_core.package_identification:_identify(/home/rharvey/code/ros2_for_beginners_2025/ros2_ws/src) by extension 'cmake'
[0.286s] Level 1:colcon.colcon_core.package_identification:_identify(/home/rharvey/code/ros2_for_beginners_2025/ros2_ws/src) by extension 'python'
[0.286s] Level 1:colcon.colcon_core.package_identification:_identify(/home/rharvey/code/ros2_for_beginners_2025/ros2_ws/src) by extensions ['python_setup_py']
[0.286s] Level 1:colcon.colcon_core.package_identification:_identify(/home/rharvey/code/ros2_for_beginners_2025/ros2_ws/src) by extension 'python_setup_py'
[0.286s] Level 1:colcon.colcon_core.package_identification:_identify(/home/rharvey/code/ros2_for_beginners_2025/ros2_ws/src/my_cpp_pkg) by extensions ['ignore', 'ignore_ament_install']
[0.287s] Level 1:colcon.colcon_core.package_identification:_identify(/home/rharvey/code/ros2_for_beginners_2025/ros2_ws/src/my_cpp_pkg) by extension 'ignore'
[0.287s] Level 1:colcon.colcon_core.package_identification:_identify(/home/rharvey/code/ros2_for_beginners_2025/ros2_ws/src/my_cpp_pkg) by extension 'ignore_ament_install'
[0.287s] Level 1:colcon.colcon_core.package_identification:_identify(/home/rharvey/code/ros2_for_beginners_2025/ros2_ws/src/my_cpp_pkg) by extensions ['colcon_pkg']
[0.287s] Level 1:colcon.colcon_core.package_identification:_identify(/home/rharvey/code/ros2_for_beginners_2025/ros2_ws/src/my_cpp_pkg) by extension 'colcon_pkg'
[0.287s] Level 1:colcon.colcon_core.package_identification:_identify(/home/rharvey/code/ros2_for_beginners_2025/ros2_ws/src/my_cpp_pkg) by extensions ['colcon_meta']
[0.287s] Level 1:colcon.colcon_core.package_identification:_identify(/home/rharvey/code/ros2_for_beginners_2025/ros2_ws/src/my_cpp_pkg) by extension 'colcon_meta'
[0.287s] Level 1:colcon.colcon_core.package_identification:_identify(/home/rharvey/code/ros2_for_beginners_2025/ros2_ws/src/my_cpp_pkg) by extensions ['ros']
[0.287s] Level 1:colcon.colcon_core.package_identification:_identify(/home/rharvey/code/ros2_for_beginners_2025/ros2_ws/src/my_cpp_pkg) by extension 'ros'
[0.291s] DEBUG:colcon.colcon_core.package_identification:Package '/home/rharvey/code/ros2_for_beginners_2025/ros2_ws/src/my_cpp_pkg' with type 'ros.ament_cmake' and name 'my_cpp_pkg'
[0.291s] Level 1:colcon.colcon_core.package_identification:_identify(/home/rharvey/code/ros2_for_beginners_2025/ros2_ws/src/my_py_pkg) by extensions ['ignore', 'ignore_ament_install']
[0.291s] Level 1:colcon.colcon_core.package_identification:_identify(/home/rharvey/code/ros2_for_beginners_2025/ros2_ws/src/my_py_pkg) by extension 'ignore'
[0.291s] Level 1:colcon.colcon_core.package_identification:_identify(/home/rharvey/code/ros2_for_beginners_2025/ros2_ws/src/my_py_pkg) by extension 'ignore_ament_install'
[0.291s] Level 1:colcon.colcon_core.package_identification:_identify(/home/rharvey/code/ros2_for_beginners_2025/ros2_ws/src/my_py_pkg) by extensions ['colcon_pkg']
[0.292s] Level 1:colcon.colcon_core.package_identification:_identify(/home/rharvey/code/ros2_for_beginners_2025/ros2_ws/src/my_py_pkg) by extension 'colcon_pkg'
[0.292s] Level 1:colcon.colcon_core.package_identification:_identify(/home/rharvey/code/ros2_for_beginners_2025/ros2_ws/src/my_py_pkg) by extensions ['colcon_meta']
[0.292s] Level 1:colcon.colcon_core.package_identification:_identify(/home/rharvey/code/ros2_for_beginners_2025/ros2_ws/src/my_py_pkg) by extension 'colcon_meta'
[0.292s] Level 1:colcon.colcon_core.package_identification:_identify(/home/rharvey/code/ros2_for_beginners_2025/ros2_ws/src/my_py_pkg) by extensions ['ros']
[0.292s] Level 1:colcon.colcon_core.package_identification:_identify(/home/rharvey/code/ros2_for_beginners_2025/ros2_ws/src/my_py_pkg) by extension 'ros'
[0.293s] DEBUG:colcon.colcon_core.package_identification:Package '/home/rharvey/code/ros2_for_beginners_2025/ros2_ws/src/my_py_pkg' with type 'ros.ament_python' and name 'my_py_pkg'
[0.293s] Level 1:colcon.colcon_core.package_discovery:discover_packages(recursive) using defaults
[0.317s] Level 1:colcon.colcon_core.package_discovery:discover_packages(prefix_path) check parameters
[0.317s] Level 1:colcon.colcon_core.package_discovery:discover_packages(prefix_path) discover
[0.320s] DEBUG:colcon.colcon_installed_package_information.package_discovery:Found 2 installed packages in /home/rharvey/code/ros2_for_beginners_2025/ros2_ws/install
[0.322s] DEBUG:colcon.colcon_installed_package_information.package_discovery:Found 285 installed packages in /opt/ros/jazzy
[0.322s] Level 1:colcon.colcon_core.package_discovery:discover_packages(prefix_path) using defaults
[0.385s] Level 5:colcon.colcon_core.verb:set package 'my_cpp_pkg' build argument 'cmake_args' from command line to '['-DCMAKE_BUILD_TYPE=RelWithDebInfo']'
[0.386s] Level 5:colcon.colcon_core.verb:set package 'my_cpp_pkg' build argument 'cmake_target' from command line to 'None'
[0.386s] Level 5:colcon.colcon_core.verb:set package 'my_cpp_pkg' build argument 'cmake_target_skip_unavailable' from command line to 'False'
[0.386s] Level 5:colcon.colcon_core.verb:set package 'my_cpp_pkg' build argument 'cmake_clean_cache' from command line to 'False'
[0.386s] Level 5:colcon.colcon_core.verb:set package 'my_cpp_pkg' build argument 'cmake_clean_first' from command line to 'False'
[0.386s] Level 5:colcon.colcon_core.verb:set package 'my_cpp_pkg' build argument 'cmake_force_configure' from command line to 'False'
[0.386s] Level 5:colcon.colcon_core.verb:set package 'my_cpp_pkg' build argument 'ament_cmake_args' from command line to 'None'
[0.386s] Level 5:colcon.colcon_core.verb:set package 'my_cpp_pkg' build argument 'catkin_cmake_args' from command line to 'None'
[0.386s] Level 5:colcon.colcon_core.verb:set package 'my_cpp_pkg' build argument 'catkin_skip_building_tests' from command line to 'False'
[0.387s] DEBUG:colcon.colcon_core.verb:Building package 'my_cpp_pkg' with the following arguments: {'ament_cmake_args': None, 'build_base': '/home/rharvey/code/ros2_for_beginners_2025/ros2_ws/build/my_cpp_pkg', 'catkin_cmake_args': None, 'catkin_skip_building_tests': False, 'cmake_args': ['-DCMAKE_BUILD_TYPE=RelWithDebInfo'], 'cmake_clean_cache': False, 'cmake_clean_first': False, 'cmake_force_configure': False, 'cmake_target': None, 'cmake_target_skip_unavailable': False, 'install_base': '/home/rharvey/code/ros2_for_beginners_2025/ros2_ws/install/my_cpp_pkg', 'merge_install': False, 'path': '/home/rharvey/code/ros2_for_beginners_2025/ros2_ws/src/my_cpp_pkg', 'symlink_install': False, 'test_result_base': None}
[0.387s] Level 5:colcon.colcon_core.verb:set package 'my_py_pkg' build argument 'cmake_args' from command line to '['-DCMAKE_BUILD_TYPE=RelWithDebInfo']'
[0.387s] Level 5:colcon.colcon_core.verb:set package 'my_py_pkg' build argument 'cmake_target' from command line to 'None'
[0.387s] Level 5:colcon.colcon_core.verb:set package 'my_py_pkg' build argument 'cmake_target_skip_unavailable' from command line to 'False'
[0.387s] Level 5:colcon.colcon_core.verb:set package 'my_py_pkg' build argument 'cmake_clean_cache' from command line to 'False'
[0.387s] Level 5:colcon.colcon_core.verb:set package 'my_py_pkg' build argument 'cmake_clean_first' from command line to 'False'
[0.387s] Level 5:colcon.colcon_core.verb:set package 'my_py_pkg' build argument 'cmake_force_configure' from command line to 'False'
[0.388s] Level 5:colcon.colcon_core.verb:set package 'my_py_pkg' build argument 'ament_cmake_args' from command line to 'None'
[0.388s] Level 5:colcon.colcon_core.verb:set package 'my_py_pkg' build argument 'catkin_cmake_args' from command line to 'None'
[0.388s] Level 5:colcon.colcon_core.verb:set package 'my_py_pkg' build argument 'catkin_skip_building_tests' from command line to 'False'
[0.388s] DEBUG:colcon.colcon_core.verb:Building package 'my_py_pkg' with the following arguments: {'ament_cmake_args': None, 'build_base': '/home/rharvey/code/ros2_for_beginners_2025/ros2_ws/build/my_py_pkg', 'catkin_cmake_args': None, 'catkin_skip_building_tests': False, 'cmake_args': ['-DCMAKE_BUILD_TYPE=RelWithDebInfo'], 'cmake_clean_cache': False, 'cmake_clean_first': False, 'cmake_force_configure': False, 'cmake_target': None, 'cmake_target_skip_unavailable': False, 'install_base': '/home/rharvey/code/ros2_for_beginners_2025/ros2_ws/install/my_py_pkg', 'merge_install': False, 'path': '/home/rharvey/code/ros2_for_beginners_2025/ros2_ws/src/my_py_pkg', 'symlink_install': False, 'test_result_base': None}
[0.388s] INFO:colcon.colcon_core.executor:Executing jobs using 'parallel' executor
[0.389s] DEBUG:colcon.colcon_parallel_executor.executor.parallel:run_until_complete
[0.390s] INFO:colcon.colcon_ros.task.ament_cmake.build:Building ROS package in '/home/rharvey/code/ros2_for_beginners_2025/ros2_ws/src/my_cpp_pkg' with build type 'ament_cmake'
[0.390s] INFO:colcon.colcon_cmake.task.cmake.build:Building CMake package in '/home/rharvey/code/ros2_for_beginners_2025/ros2_ws/src/my_cpp_pkg'
[0.395s] INFO:colcon.colcon_core.plugin_system:Skipping extension 'colcon_core.shell.bat': Not used on non-Windows systems
[0.395s] INFO:colcon.colcon_core.shell:Skip shell extension 'powershell' for command environment: Not usable outside of PowerShell
[0.395s] DEBUG:colcon.colcon_core.shell:Skip shell extension 'dsv' for command environment
[0.400s] INFO:colcon.colcon_ros.task.ament_python.build:Building ROS package in '/home/rharvey/code/ros2_for_beginners_2025/ros2_ws/src/my_py_pkg' with build type 'ament_python'
[0.400s] Level 1:colcon.colcon_core.shell:create_environment_hook('my_py_pkg', 'ament_prefix_path')
[0.401s] INFO:colcon.colcon_core.shell:Creating environment hook '/home/rharvey/code/ros2_for_beginners_2025/ros2_ws/install/my_py_pkg/share/my_py_pkg/hook/ament_prefix_path.ps1'
[0.402s] INFO:colcon.colcon_core.shell:Creating environment descriptor '/home/rharvey/code/ros2_for_beginners_2025/ros2_ws/install/my_py_pkg/share/my_py_pkg/hook/ament_prefix_path.dsv'
[0.402s] INFO:colcon.colcon_core.shell:Creating environment hook '/home/rharvey/code/ros2_for_beginners_2025/ros2_ws/install/my_py_pkg/share/my_py_pkg/hook/ament_prefix_path.sh'
[0.403s] INFO:colcon.colcon_core.shell:Skip shell extension 'powershell' for command environment: Not usable outside of PowerShell
[0.403s] DEBUG:colcon.colcon_core.shell:Skip shell extension 'dsv' for command environment
[0.414s] DEBUG:colcon.colcon_core.event_handler.log_command:Invoking command in '/home/rharvey/code/ros2_for_beginners_2025/ros2_ws/build/my_cpp_pkg': CMAKE_PREFIX_PATH=${CMAKE_PREFIX_PATH}:/opt/ros/jazzy DEBUGINFOD_URLS=https://debuginfod.ubuntu.com /usr/bin/cmake /home/rharvey/code/ros2_for_beginners_2025/ros2_ws/src/my_cpp_pkg -DCMAKE_BUILD_TYPE=RelWithDebInfo -DCMAKE_INSTALL_PREFIX=/home/rharvey/code/ros2_for_beginners_2025/ros2_ws/install/my_cpp_pkg
[0.728s] INFO:colcon.colcon_core.task.python.build:Building Python package in '/home/rharvey/code/ros2_for_beginners_2025/ros2_ws/src/my_py_pkg'
[0.728s] INFO:colcon.colcon_core.shell:Skip shell extension 'powershell' for command environment: Not usable outside of PowerShell
[0.728s] DEBUG:colcon.colcon_core.shell:Skip shell extension 'dsv' for command environment
[1.400s] DEBUG:colcon.colcon_core.event_handler.log_command:Invoked command in '/home/rharvey/code/ros2_for_beginners_2025/ros2_ws/build/my_cpp_pkg' returned '0': CMAKE_PREFIX_PATH=${CMAKE_PREFIX_PATH}:/opt/ros/jazzy DEBUGINFOD_URLS=https://debuginfod.ubuntu.com /usr/bin/cmake /home/rharvey/code/ros2_for_beginners_2025/ros2_ws/src/my_cpp_pkg -DCMAKE_BUILD_TYPE=RelWithDebInfo -DCMAKE_INSTALL_PREFIX=/home/rharvey/code/ros2_for_beginners_2025/ros2_ws/install/my_cpp_pkg
[1.401s] DEBUG:colcon.colcon_core.event_handler.log_command:Invoking command in '/home/rharvey/code/ros2_for_beginners_2025/ros2_ws/build/my_cpp_pkg': CMAKE_PREFIX_PATH=${CMAKE_PREFIX_PATH}:/opt/ros/jazzy DEBUGINFOD_URLS=https://debuginfod.ubuntu.com /usr/bin/cmake --build /home/rharvey/code/ros2_for_beginners_2025/ros2_ws/build/my_cpp_pkg -- -j6 -l6
[1.568s] DEBUG:colcon.colcon_core.event_handler.log_command:Invoked command in '/home/rharvey/code/ros2_for_beginners_2025/ros2_ws/build/my_cpp_pkg' returned '0': CMAKE_PREFIX_PATH=${CMAKE_PREFIX_PATH}:/opt/ros/jazzy DEBUGINFOD_URLS=https://debuginfod.ubuntu.com /usr/bin/cmake --build /home/rharvey/code/ros2_for_beginners_2025/ros2_ws/build/my_cpp_pkg -- -j6 -l6
[1.608s] DEBUG:colcon.colcon_core.event_handler.log_command:Invoking command in '/home/rharvey/code/ros2_for_beginners_2025/ros2_ws/build/my_cpp_pkg': CMAKE_PREFIX_PATH=${CMAKE_PREFIX_PATH}:/opt/ros/jazzy DEBUGINFOD_URLS=https://debuginfod.ubuntu.com /usr/bin/cmake --install /home/rharvey/code/ros2_for_beginners_2025/ros2_ws/build/my_cpp_pkg
[1.674s] Level 1:colcon.colcon_core.environment:create_environment_scripts_only(my_cpp_pkg)
[1.676s] DEBUG:colcon.colcon_core.event_handler.log_command:Invoked command in '/home/rharvey/code/ros2_for_beginners_2025/ros2_ws/build/my_cpp_pkg' returned '0': CMAKE_PREFIX_PATH=${CMAKE_PREFIX_PATH}:/opt/ros/jazzy DEBUGINFOD_URLS=https://debuginfod.ubuntu.com /usr/bin/cmake --install /home/rharvey/code/ros2_for_beginners_2025/ros2_ws/build/my_cpp_pkg
[1.680s] Level 1:colcon.colcon_core.environment:checking '/home/rharvey/code/ros2_for_beginners_2025/ros2_ws/install/my_cpp_pkg' for CMake module files
[1.681s] Level 1:colcon.colcon_core.environment:checking '/home/rharvey/code/ros2_for_beginners_2025/ros2_ws/install/my_cpp_pkg' for CMake config files
[1.682s] Level 1:colcon.colcon_core.shell:create_environment_hook('my_cpp_pkg', 'cmake_prefix_path')
[1.682s] INFO:colcon.colcon_core.shell:Creating environment hook '/home/rharvey/code/ros2_for_beginners_2025/ros2_ws/install/my_cpp_pkg/share/my_cpp_pkg/hook/cmake_prefix_path.ps1'
[1.683s] INFO:colcon.colcon_core.shell:Creating environment descriptor '/home/rharvey/code/ros2_for_beginners_2025/ros2_ws/install/my_cpp_pkg/share/my_cpp_pkg/hook/cmake_prefix_path.dsv'
[1.684s] INFO:colcon.colcon_core.shell:Creating environment hook '/home/rharvey/code/ros2_for_beginners_2025/ros2_ws/install/my_cpp_pkg/share/my_cpp_pkg/hook/cmake_prefix_path.sh'
[1.685s] Level 1:colcon.colcon_core.environment:checking '/home/rharvey/code/ros2_for_beginners_2025/ros2_ws/install/my_cpp_pkg/lib'
[1.685s] Level 1:colcon.colcon_core.environment:checking '/home/rharvey/code/ros2_for_beginners_2025/ros2_ws/install/my_cpp_pkg/bin'
[1.685s] Level 1:colcon.colcon_core.environment:checking '/home/rharvey/code/ros2_for_beginners_2025/ros2_ws/install/my_cpp_pkg/lib/pkgconfig/my_cpp_pkg.pc'
[1.686s] Level 1:colcon.colcon_core.environment:checking '/home/rharvey/code/ros2_for_beginners_2025/ros2_ws/install/my_cpp_pkg/lib/python3.12/site-packages'
[1.686s] Level 1:colcon.colcon_core.environment:checking '/home/rharvey/code/ros2_for_beginners_2025/ros2_ws/install/my_cpp_pkg/bin'
[1.686s] INFO:colcon.colcon_core.shell:Creating package script '/home/rharvey/code/ros2_for_beginners_2025/ros2_ws/install/my_cpp_pkg/share/my_cpp_pkg/package.ps1'
[1.688s] INFO:colcon.colcon_core.shell:Creating package descriptor '/home/rharvey/code/ros2_for_beginners_2025/ros2_ws/install/my_cpp_pkg/share/my_cpp_pkg/package.dsv'
[1.689s] INFO:colcon.colcon_core.shell:Creating package script '/home/rharvey/code/ros2_for_beginners_2025/ros2_ws/install/my_cpp_pkg/share/my_cpp_pkg/package.sh'
[1.690s] INFO:colcon.colcon_core.shell:Creating package script '/home/rharvey/code/ros2_for_beginners_2025/ros2_ws/install/my_cpp_pkg/share/my_cpp_pkg/package.bash'
[1.691s] INFO:colcon.colcon_core.shell:Creating package script '/home/rharvey/code/ros2_for_beginners_2025/ros2_ws/install/my_cpp_pkg/share/my_cpp_pkg/package.zsh'
[1.692s] Level 1:colcon.colcon_core.environment:create_file_with_runtime_dependencies(/home/rharvey/code/ros2_for_beginners_2025/ros2_ws/install/my_cpp_pkg/share/colcon-core/packages/my_cpp_pkg)
[1.693s] Level 1:colcon.colcon_core.environment:create_environment_scripts_only(my_cpp_pkg)
[1.694s] Level 1:colcon.colcon_core.environment:checking '/home/rharvey/code/ros2_for_beginners_2025/ros2_ws/install/my_cpp_pkg' for CMake module files
[1.695s] Level 1:colcon.colcon_core.environment:checking '/home/rharvey/code/ros2_for_beginners_2025/ros2_ws/install/my_cpp_pkg' for CMake config files
[1.695s] Level 1:colcon.colcon_core.shell:create_environment_hook('my_cpp_pkg', 'cmake_prefix_path')
[1.696s] INFO:colcon.colcon_core.shell:Creating environment hook '/home/rharvey/code/ros2_for_beginners_2025/ros2_ws/install/my_cpp_pkg/share/my_cpp_pkg/hook/cmake_prefix_path.ps1'
[1.697s] INFO:colcon.colcon_core.shell:Creating environment descriptor '/home/rharvey/code/ros2_for_beginners_2025/ros2_ws/install/my_cpp_pkg/share/my_cpp_pkg/hook/cmake_prefix_path.dsv'
[1.697s] INFO:colcon.colcon_core.shell:Creating environment hook '/home/rharvey/code/ros2_for_beginners_2025/ros2_ws/install/my_cpp_pkg/share/my_cpp_pkg/hook/cmake_prefix_path.sh'
[1.698s] Level 1:colcon.colcon_core.environment:checking '/home/rharvey/code/ros2_for_beginners_2025/ros2_ws/install/my_cpp_pkg/lib'
[1.699s] Level 1:colcon.colcon_core.environment:checking '/home/rharvey/code/ros2_for_beginners_2025/ros2_ws/install/my_cpp_pkg/bin'
[1.699s] Level 1:colcon.colcon_core.environment:checking '/home/rharvey/code/ros2_for_beginners_2025/ros2_ws/install/my_cpp_pkg/lib/pkgconfig/my_cpp_pkg.pc'
[1.699s] Level 1:colcon.colcon_core.environment:checking '/home/rharvey/code/ros2_for_beginners_2025/ros2_ws/install/my_cpp_pkg/lib/python3.12/site-packages'
[1.700s] Level 1:colcon.colcon_core.environment:checking '/home/rharvey/code/ros2_for_beginners_2025/ros2_ws/install/my_cpp_pkg/bin'
[1.700s] INFO:colcon.colcon_core.shell:Creating package script '/home/rharvey/code/ros2_for_beginners_2025/ros2_ws/install/my_cpp_pkg/share/my_cpp_pkg/package.ps1'
[1.700s] INFO:colcon.colcon_core.shell:Creating package descriptor '/home/rharvey/code/ros2_for_beginners_2025/ros2_ws/install/my_cpp_pkg/share/my_cpp_pkg/package.dsv'
[1.701s] INFO:colcon.colcon_core.shell:Creating package script '/home/rharvey/code/ros2_for_beginners_2025/ros2_ws/install/my_cpp_pkg/share/my_cpp_pkg/package.sh'
[1.702s] INFO:colcon.colcon_core.shell:Creating package script '/home/rharvey/code/ros2_for_beginners_2025/ros2_ws/install/my_cpp_pkg/share/my_cpp_pkg/package.bash'
[1.702s] INFO:colcon.colcon_core.shell:Creating package script '/home/rharvey/code/ros2_for_beginners_2025/ros2_ws/install/my_cpp_pkg/share/my_cpp_pkg/package.zsh'
[1.703s] Level 1:colcon.colcon_core.environment:create_file_with_runtime_dependencies(/home/rharvey/code/ros2_for_beginners_2025/ros2_ws/install/my_cpp_pkg/share/colcon-core/packages/my_cpp_pkg)
[1.818s] DEBUG:colcon.colcon_core.event_handler.log_command:Invoking command in '/home/rharvey/code/ros2_for_beginners_2025/ros2_ws/build/my_py_pkg': DEBUGINFOD_URLS=https://debuginfod.ubuntu.com PYTHONPATH=/home/rharvey/code/ros2_for_beginners_2025/ros2_ws/build/my_py_pkg/prefix_override:/usr/lib/python3/dist-packages/colcon_core/task/python/colcon_distutils_commands:/home/rharvey/code/ros2_for_beginners_2025/ros2_ws/install/my_py_pkg/lib/python3.12/site-packages:${PYTHONPATH} /usr/bin/python3 -W ignore:setup.py install is deprecated -W ignore:easy_install command is deprecated setup.py develop --uninstall --editable --build-directory /home/rharvey/code/ros2_for_beginners_2025/ros2_ws/build/my_py_pkg/build
[2.815s] DEBUG:colcon.colcon_core.event_handler.log_command:Invoked command in '/home/rharvey/code/ros2_for_beginners_2025/ros2_ws/build/my_py_pkg' returned '0': DEBUGINFOD_URLS=https://debuginfod.ubuntu.com PYTHONPATH=/home/rharvey/code/ros2_for_beginners_2025/ros2_ws/build/my_py_pkg/prefix_override:/usr/lib/python3/dist-packages/colcon_core/task/python/colcon_distutils_commands:/home/rharvey/code/ros2_for_beginners_2025/ros2_ws/install/my_py_pkg/lib/python3.12/site-packages:${PYTHONPATH} /usr/bin/python3 -W ignore:setup.py install is deprecated -W ignore:easy_install command is deprecated setup.py develop --uninstall --editable --build-directory /home/rharvey/code/ros2_for_beginners_2025/ros2_ws/build/my_py_pkg/build
[2.821s] DEBUG:colcon.colcon_core.event_handler.log_command:Invoking command in '/home/rharvey/code/ros2_for_beginners_2025/ros2_ws/src/my_py_pkg': DEBUGINFOD_URLS=https://debuginfod.ubuntu.com PYTHONPATH=/home/rharvey/code/ros2_for_beginners_2025/ros2_ws/build/my_py_pkg/prefix_override:/usr/lib/python3/dist-packages/colcon_core/task/python/colcon_distutils_commands:/home/rharvey/code/ros2_for_beginners_2025/ros2_ws/install/my_py_pkg/lib/python3.12/site-packages:${PYTHONPATH} /usr/bin/python3 -W ignore:setup.py install is deprecated -W ignore:easy_install command is deprecated setup.py egg_info --egg-base ../../build/my_py_pkg build --build-base /home/rharvey/code/ros2_for_beginners_2025/ros2_ws/build/my_py_pkg/build install --record /home/rharvey/code/ros2_for_beginners_2025/ros2_ws/build/my_py_pkg/install.log --single-version-externally-managed install_data --force
[3.802s] Level 1:colcon.colcon_core.environment:checking '/home/rharvey/code/ros2_for_beginners_2025/ros2_ws/install/my_py_pkg' for CMake module files
[3.805s] Level 1:colcon.colcon_core.environment:checking '/home/rharvey/code/ros2_for_beginners_2025/ros2_ws/install/my_py_pkg' for CMake config files
[3.806s] Level 1:colcon.colcon_core.environment:checking '/home/rharvey/code/ros2_for_beginners_2025/ros2_ws/install/my_py_pkg/lib'
[3.806s] Level 1:colcon.colcon_core.environment:checking '/home/rharvey/code/ros2_for_beginners_2025/ros2_ws/install/my_py_pkg/bin'
[3.806s] Level 1:colcon.colcon_core.environment:checking '/home/rharvey/code/ros2_for_beginners_2025/ros2_ws/install/my_py_pkg/lib/pkgconfig/my_py_pkg.pc'
[3.804s] DEBUG:colcon.colcon_core.event_handler.log_command:Invoked command in '/home/rharvey/code/ros2_for_beginners_2025/ros2_ws/src/my_py_pkg' returned '0': DEBUGINFOD_URLS=https://debuginfod.ubuntu.com PYTHONPATH=/home/rharvey/code/ros2_for_beginners_2025/ros2_ws/build/my_py_pkg/prefix_override:/usr/lib/python3/dist-packages/colcon_core/task/python/colcon_distutils_commands:/home/rharvey/code/ros2_for_beginners_2025/ros2_ws/install/my_py_pkg/lib/python3.12/site-packages:${PYTHONPATH} /usr/bin/python3 -W ignore:setup.py install is deprecated -W ignore:easy_install command is deprecated setup.py egg_info --egg-base ../../build/my_py_pkg build --build-base /home/rharvey/code/ros2_for_beginners_2025/ros2_ws/build/my_py_pkg/build install --record /home/rharvey/code/ros2_for_beginners_2025/ros2_ws/build/my_py_pkg/install.log --single-version-externally-managed install_data --force
[3.807s] Level 1:colcon.colcon_core.environment:checking '/home/rharvey/code/ros2_for_beginners_2025/ros2_ws/install/my_py_pkg/lib/python3.12/site-packages'
[3.807s] Level 1:colcon.colcon_core.shell:create_environment_hook('my_py_pkg', 'pythonpath')
[3.807s] INFO:colcon.colcon_core.shell:Creating environment hook '/home/rharvey/code/ros2_for_beginners_2025/ros2_ws/install/my_py_pkg/share/my_py_pkg/hook/pythonpath.ps1'
[3.808s] INFO:colcon.colcon_core.shell:Creating environment descriptor '/home/rharvey/code/ros2_for_beginners_2025/ros2_ws/install/my_py_pkg/share/my_py_pkg/hook/pythonpath.dsv'
[3.809s] INFO:colcon.colcon_core.shell:Creating environment hook '/home/rharvey/code/ros2_for_beginners_2025/ros2_ws/install/my_py_pkg/share/my_py_pkg/hook/pythonpath.sh'
[3.810s] Level 1:colcon.colcon_core.environment:checking '/home/rharvey/code/ros2_for_beginners_2025/ros2_ws/install/my_py_pkg/bin'
[3.810s] Level 1:colcon.colcon_core.environment:create_environment_scripts_only(my_py_pkg)
[3.810s] INFO:colcon.colcon_core.shell:Creating package script '/home/rharvey/code/ros2_for_beginners_2025/ros2_ws/install/my_py_pkg/share/my_py_pkg/package.ps1'
[3.811s] INFO:colcon.colcon_core.shell:Creating package descriptor '/home/rharvey/code/ros2_for_beginners_2025/ros2_ws/install/my_py_pkg/share/my_py_pkg/package.dsv'
[3.812s] INFO:colcon.colcon_core.shell:Creating package script '/home/rharvey/code/ros2_for_beginners_2025/ros2_ws/install/my_py_pkg/share/my_py_pkg/package.sh'
[3.813s] INFO:colcon.colcon_core.shell:Creating package script '/home/rharvey/code/ros2_for_beginners_2025/ros2_ws/install/my_py_pkg/share/my_py_pkg/package.bash'
[3.814s] INFO:colcon.colcon_core.shell:Creating package script '/home/rharvey/code/ros2_for_beginners_2025/ros2_ws/install/my_py_pkg/share/my_py_pkg/package.zsh'
[3.815s] Level 1:colcon.colcon_core.environment:create_file_with_runtime_dependencies(/home/rharvey/code/ros2_for_beginners_2025/ros2_ws/install/my_py_pkg/share/colcon-core/packages/my_py_pkg)
[3.818s] DEBUG:colcon.colcon_parallel_executor.executor.parallel:closing loop
[3.822s] DEBUG:colcon.colcon_parallel_executor.executor.parallel:loop closed
[3.822s] DEBUG:colcon.colcon_parallel_executor.executor.parallel:run_until_complete finished with '0'
[3.825s] DEBUG:colcon.colcon_core.event_reactor:joining thread
[3.840s] INFO:colcon.colcon_core.plugin_system:Skipping extension 'colcon_notification.desktop_notification.terminal_notifier': Not used on non-Darwin systems
[3.840s] INFO:colcon.colcon_core.plugin_system:Skipping extension 'colcon_notification.desktop_notification.win32': Not used on non-Windows systems
[3.840s] INFO:colcon.colcon_notification.desktop_notification:Sending desktop notification using 'notify2'
[3.879s] DEBUG:colcon.colcon_core.event_reactor:joined thread
[3.880s] INFO:colcon.colcon_core.shell:Creating prefix script '/home/rharvey/code/ros2_for_beginners_2025/ros2_ws/install/local_setup.ps1'
[3.881s] INFO:colcon.colcon_core.shell:Creating prefix util module '/home/rharvey/code/ros2_for_beginners_2025/ros2_ws/install/_local_setup_util_ps1.py'
[3.883s] INFO:colcon.colcon_core.shell:Creating prefix chain script '/home/rharvey/code/ros2_for_beginners_2025/ros2_ws/install/setup.ps1'
[3.884s] INFO:colcon.colcon_core.shell:Creating prefix script '/home/rharvey/code/ros2_for_beginners_2025/ros2_ws/install/local_setup.sh'
[3.885s] INFO:colcon.colcon_core.shell:Creating prefix util module '/home/rharvey/code/ros2_for_beginners_2025/ros2_ws/install/_local_setup_util_sh.py'
[3.887s] INFO:colcon.colcon_core.shell:Creating prefix chain script '/home/rharvey/code/ros2_for_beginners_2025/ros2_ws/install/setup.sh'
[3.889s] INFO:colcon.colcon_core.shell:Creating prefix script '/home/rharvey/code/ros2_for_beginners_2025/ros2_ws/install/local_setup.bash'
[3.891s] INFO:colcon.colcon_core.shell:Creating prefix chain script '/home/rharvey/code/ros2_for_beginners_2025/ros2_ws/install/setup.bash'
[3.893s] INFO:colcon.colcon_core.shell:Creating prefix script '/home/rharvey/code/ros2_for_beginners_2025/ros2_ws/install/local_setup.zsh'
[3.894s] INFO:colcon.colcon_core.shell:Creating prefix chain script '/home/rharvey/code/ros2_for_beginners_2025/ros2_ws/install/setup.zsh'
