[0.021s] Invoking command in '/home/rharvey/code/ros2_for_beginners_2025/ros2_ws/build/my_cpp_pkg': CMAKE_PREFIX_PATH=${CMAKE_PREFIX_PATH}:/opt/ros/jazzy DEBUGINFOD_URLS=https://debuginfod.ubuntu.com /usr/bin/cmake /home/rharvey/code/ros2_for_beginners_2025/ros2_ws/src/my_cpp_pkg -DCMAKE_BUILD_TYPE=RelWithDebInfo -DCMAKE_INSTALL_PREFIX=/home/rharvey/code/ros2_for_beginners_2025/ros2_ws/install/my_cpp_pkg
[0.044s] -- Found ament_cmake: 2.5.3 (/opt/ros/jazzy/share/ament_cmake/cmake)
[0.399s] -- Override CMake install command with custom implementation using symlinks instead of copying resources
[0.413s] -- Found rclcpp: 28.1.6 (/opt/ros/jazzy/share/rclcpp/cmake)
[0.448s] -- Found rosidl_generator_c: 4.6.5 (/opt/ros/jazzy/share/rosidl_generator_c/cmake)
[0.467s] -- Found rosidl_generator_cpp: 4.6.5 (/opt/ros/jazzy/share/rosidl_generator_cpp/cmake)
[0.491s] -- Using all available rosidl_typesupport_c: rosidl_typesupport_fastrtps_c;rosidl_typesupport_introspection_c
[0.506s] -- Using all available rosidl_typesupport_cpp: rosidl_typesupport_fastrtps_cpp;rosidl_typesupport_introspection_cpp
[0.579s] -- Found rmw_implementation_cmake: 7.3.1 (/opt/ros/jazzy/share/rmw_implementation_cmake/cmake)
[0.582s] -- Found rmw_fastrtps_cpp: 8.4.1 (/opt/ros/jazzy/share/rmw_fastrtps_cpp/cmake)
[0.668s] -- Using RMW implementation 'rmw_fastrtps_cpp' as default
[0.739s] -- Found ament_lint_auto: 0.17.1 (/opt/ros/jazzy/share/ament_lint_auto/cmake)
[0.906s] -- Added test 'cppcheck' to perform static code analysis on C / C++ code
[0.906s] -- Configured cppcheck include dirs: 
[0.906s] -- Configured cppcheck exclude dirs and/or files: 
[0.910s] -- Added test 'lint_cmake' to check CMake code style
[0.915s] -- Added test 'uncrustify' to check C / C++ code style
[0.916s] -- Configured uncrustify additional arguments: 
[0.919s] -- Added test 'xmllint' to check XML markup files
[0.927s] -- Configuring done (0.9s)
[0.967s] -- Generating done (0.0s)
[0.984s] -- Build files have been written to: /home/rharvey/code/ros2_for_beginners_2025/ros2_ws/build/my_cpp_pkg
[1.007s] Invoked command in '/home/rharvey/code/ros2_for_beginners_2025/ros2_ws/build/my_cpp_pkg' returned '0': CMAKE_PREFIX_PATH=${CMAKE_PREFIX_PATH}:/opt/ros/jazzy DEBUGINFOD_URLS=https://debuginfod.ubuntu.com /usr/bin/cmake /home/rharvey/code/ros2_for_beginners_2025/ros2_ws/src/my_cpp_pkg -DCMAKE_BUILD_TYPE=RelWithDebInfo -DCMAKE_INSTALL_PREFIX=/home/rharvey/code/ros2_for_beginners_2025/ros2_ws/install/my_cpp_pkg
[1.008s] Invoking command in '/home/rharvey/code/ros2_for_beginners_2025/ros2_ws/build/my_cpp_pkg': CMAKE_PREFIX_PATH=${CMAKE_PREFIX_PATH}:/opt/ros/jazzy DEBUGINFOD_URLS=https://debuginfod.ubuntu.com /usr/bin/cmake --build /home/rharvey/code/ros2_for_beginners_2025/ros2_ws/build/my_cpp_pkg -- -j6 -l6
[1.152s] [100%] Built target cpp_node
[1.175s] Invoked command in '/home/rharvey/code/ros2_for_beginners_2025/ros2_ws/build/my_cpp_pkg' returned '0': CMAKE_PREFIX_PATH=${CMAKE_PREFIX_PATH}:/opt/ros/jazzy DEBUGINFOD_URLS=https://debuginfod.ubuntu.com /usr/bin/cmake --build /home/rharvey/code/ros2_for_beginners_2025/ros2_ws/build/my_cpp_pkg -- -j6 -l6
[1.215s] Invoking command in '/home/rharvey/code/ros2_for_beginners_2025/ros2_ws/build/my_cpp_pkg': CMAKE_PREFIX_PATH=${CMAKE_PREFIX_PATH}:/opt/ros/jazzy DEBUGINFOD_URLS=https://debuginfod.ubuntu.com /usr/bin/cmake --install /home/rharvey/code/ros2_for_beginners_2025/ros2_ws/build/my_cpp_pkg
[1.242s] -- Install configuration: "RelWithDebInfo"
[1.243s] -- Execute custom install script
[1.245s] -- Up-to-date symlink: /home/rharvey/code/ros2_for_beginners_2025/ros2_ws/install/my_cpp_pkg/lib/my_cpp_pkg/cpp_node
[1.246s] -- Up-to-date symlink: /home/rharvey/code/ros2_for_beginners_2025/ros2_ws/install/my_cpp_pkg/share/ament_index/resource_index/package_run_dependencies/my_cpp_pkg
[1.247s] -- Up-to-date symlink: /home/rharvey/code/ros2_for_beginners_2025/ros2_ws/install/my_cpp_pkg/share/ament_index/resource_index/parent_prefix_path/my_cpp_pkg
[1.250s] -- Up-to-date symlink: /home/rharvey/code/ros2_for_beginners_2025/ros2_ws/install/my_cpp_pkg/share/my_cpp_pkg/environment/ament_prefix_path.sh
[1.251s] -- Up-to-date symlink: /home/rharvey/code/ros2_for_beginners_2025/ros2_ws/install/my_cpp_pkg/share/my_cpp_pkg/environment/ament_prefix_path.dsv
[1.255s] -- Up-to-date symlink: /home/rharvey/code/ros2_for_beginners_2025/ros2_ws/install/my_cpp_pkg/share/my_cpp_pkg/environment/path.sh
[1.256s] -- Up-to-date symlink: /home/rharvey/code/ros2_for_beginners_2025/ros2_ws/install/my_cpp_pkg/share/my_cpp_pkg/environment/path.dsv
[1.256s] -- Up-to-date symlink: /home/rharvey/code/ros2_for_beginners_2025/ros2_ws/install/my_cpp_pkg/share/my_cpp_pkg/local_setup.bash
[1.258s] -- Up-to-date symlink: /home/rharvey/code/ros2_for_beginners_2025/ros2_ws/install/my_cpp_pkg/share/my_cpp_pkg/local_setup.sh
[1.259s] -- Up-to-date symlink: /home/rharvey/code/ros2_for_beginners_2025/ros2_ws/install/my_cpp_pkg/share/my_cpp_pkg/local_setup.zsh
[1.259s] -- Up-to-date symlink: /home/rharvey/code/ros2_for_beginners_2025/ros2_ws/install/my_cpp_pkg/share/my_cpp_pkg/local_setup.dsv
[1.259s] -- Symlinking: /home/rharvey/code/ros2_for_beginners_2025/ros2_ws/install/my_cpp_pkg/share/my_cpp_pkg/package.dsv
[1.277s] -- Up-to-date symlink: /home/rharvey/code/ros2_for_beginners_2025/ros2_ws/install/my_cpp_pkg/share/ament_index/resource_index/packages/my_cpp_pkg
[1.278s] -- Up-to-date symlink: /home/rharvey/code/ros2_for_beginners_2025/ros2_ws/install/my_cpp_pkg/share/my_cpp_pkg/cmake/my_cpp_pkgConfig.cmake
[1.278s] -- Up-to-date symlink: /home/rharvey/code/ros2_for_beginners_2025/ros2_ws/install/my_cpp_pkg/share/my_cpp_pkg/cmake/my_cpp_pkgConfig-version.cmake
[1.279s] -- Up-to-date symlink: /home/rharvey/code/ros2_for_beginners_2025/ros2_ws/install/my_cpp_pkg/share/my_cpp_pkg/package.xml
[1.283s] Invoked command in '/home/rharvey/code/ros2_for_beginners_2025/ros2_ws/build/my_cpp_pkg' returned '0': CMAKE_PREFIX_PATH=${CMAKE_PREFIX_PATH}:/opt/ros/jazzy DEBUGINFOD_URLS=https://debuginfod.ubuntu.com /usr/bin/cmake --install /home/rharvey/code/ros2_for_beginners_2025/ros2_ws/build/my_cpp_pkg
