[0.170s] DEBUG:colcon:Command line arguments: ['/usr/bin/colcon', 'build', '--symlink-install', '--event-handlers', 'console_cohesion+', '--base-paths', '/home/rharvey/code/ros2_for_beginners_2025/ros2_ws', '--cmake-args', '-DCMAKE_BUILD_TYPE=RelWithDebInfo']
[0.170s] DEBUG:colcon:Parsed command line arguments: Namespace(log_base=None, log_level=None, verb_name='build', build_base='build', install_base='install', merge_install=False, symlink_install=True, test_result_base=None, continue_on_error=False, executor='parallel', parallel_workers=6, event_handlers=['console_cohesion+'], ignore_user_meta=False, metas=['./colcon.meta'], base_paths=['/home/rharvey/code/ros2_for_beginners_2025/ros2_ws'], packages_ignore=None, packages_ignore_regex=None, paths=None, packages_up_to=None, packages_up_to_regex=None, packages_above=None, packages_above_and_dependencies=None, packages_above_depth=None, packages_select_by_dep=None, packages_skip_by_dep=None, packages_skip_up_to=None, packages_select_build_failed=False, packages_skip_build_finished=False, packages_select_test_failures=False, packages_skip_test_passed=False, packages_select=None, packages_skip=None, packages_select_regex=None, packages_skip_regex=None, packages_start=None, packages_end=None, allow_overriding=[], cmake_args=['-DCMAKE_BUILD_TYPE=RelWithDebInfo'], cmake_target=None, cmake_target_skip_unavailable=False, cmake_clean_cache=False, cmake_clean_first=False, cmake_force_configure=False, ament_cmake_args=None, catkin_cmake_args=None, catkin_skip_building_tests=False, mixin_files=None, mixin=None, verb_parser=<colcon_mixin.mixin.mixin_argument.MixinArgumentDecorator object at 0x7a30c7b83c50>, verb_extension=<colcon_core.verb.build.BuildVerb object at 0x7a30c7ccc1d0>, main=<bound method BuildVerb.main of <colcon_core.verb.build.BuildVerb object at 0x7a30c7ccc1d0>>, mixin_verb=('build',))
[0.224s] Level 1:colcon.colcon_core.package_discovery:discover_packages(colcon_meta) check parameters
[0.225s] Level 1:colcon.colcon_core.package_discovery:discover_packages(recursive) check parameters
[0.225s] Level 1:colcon.colcon_core.package_discovery:discover_packages(ignore) check parameters
[0.225s] Level 1:colcon.colcon_core.package_discovery:discover_packages(path) check parameters
[0.225s] Level 1:colcon.colcon_core.package_discovery:discover_packages(recursive) discover
[0.225s] INFO:colcon.colcon_core.package_discovery:Crawling recursively for packages in '/home/rharvey/code/ros2_for_beginners_2025/ros2_ws'
[0.225s] Level 1:colcon.colcon_core.package_identification:_identify(/home/rharvey/code/ros2_for_beginners_2025/ros2_ws) by extensions ['ignore', 'ignore_ament_install']
[0.225s] Level 1:colcon.colcon_core.package_identification:_identify(/home/rharvey/code/ros2_for_beginners_2025/ros2_ws) by extension 'ignore'
[0.226s] Level 1:colcon.colcon_core.package_identification:_identify(/home/rharvey/code/ros2_for_beginners_2025/ros2_ws) by extension 'ignore_ament_install'
[0.226s] Level 1:colcon.colcon_core.package_identification:_identify(/home/rharvey/code/ros2_for_beginners_2025/ros2_ws) by extensions ['colcon_pkg']
[0.226s] Level 1:colcon.colcon_core.package_identification:_identify(/home/rharvey/code/ros2_for_beginners_2025/ros2_ws) by extension 'colcon_pkg'
[0.227s] Level 1:colcon.colcon_core.package_identification:_identify(/home/rharvey/code/ros2_for_beginners_2025/ros2_ws) by extensions ['colcon_meta']
[0.227s] Level 1:colcon.colcon_core.package_identification:_identify(/home/rharvey/code/ros2_for_beginners_2025/ros2_ws) by extension 'colcon_meta'
[0.227s] Level 1:colcon.colcon_core.package_identification:_identify(/home/rharvey/code/ros2_for_beginners_2025/ros2_ws) by extensions ['ros']
[0.227s] Level 1:colcon.colcon_core.package_identification:_identify(/home/rharvey/code/ros2_for_beginners_2025/ros2_ws) by extension 'ros'
[0.254s] Level 1:colcon.colcon_core.package_identification:_identify(/home/rharvey/code/ros2_for_beginners_2025/ros2_ws) by extensions ['cmake', 'python']
[0.254s] Level 1:colcon.colcon_core.package_identification:_identify(/home/rharvey/code/ros2_for_beginners_2025/ros2_ws) by extension 'cmake'
[0.254s] Level 1:colcon.colcon_core.package_identification:_identify(/home/rharvey/code/ros2_for_beginners_2025/ros2_ws) by extension 'python'
[0.254s] Level 1:colcon.colcon_core.package_identification:_identify(/home/rharvey/code/ros2_for_beginners_2025/ros2_ws) by extensions ['python_setup_py']
[0.254s] Level 1:colcon.colcon_core.package_identification:_identify(/home/rharvey/code/ros2_for_beginners_2025/ros2_ws) by extension 'python_setup_py'
[0.254s] Level 1:colcon.colcon_core.package_identification:_identify(/home/rharvey/code/ros2_for_beginners_2025/ros2_ws/build) by extensions ['ignore', 'ignore_ament_install']
[0.254s] Level 1:colcon.colcon_core.package_identification:_identify(/home/rharvey/code/ros2_for_beginners_2025/ros2_ws/build) by extension 'ignore'
[0.255s] Level 1:colcon.colcon_core.package_identification:_identify(/home/rharvey/code/ros2_for_beginners_2025/ros2_ws/build) ignored
[0.255s] Level 1:colcon.colcon_core.package_identification:_identify(/home/rharvey/code/ros2_for_beginners_2025/ros2_ws/install) by extensions ['ignore', 'ignore_ament_install']
[0.255s] Level 1:colcon.colcon_core.package_identification:_identify(/home/rharvey/code/ros2_for_beginners_2025/ros2_ws/install) by extension 'ignore'
[0.255s] Level 1:colcon.colcon_core.package_identification:_identify(/home/rharvey/code/ros2_for_beginners_2025/ros2_ws/install) ignored
[0.255s] Level 1:colcon.colcon_core.package_identification:_identify(/home/rharvey/code/ros2_for_beginners_2025/ros2_ws/log) by extensions ['ignore', 'ignore_ament_install']
[0.255s] Level 1:colcon.colcon_core.package_identification:_identify(/home/rharvey/code/ros2_for_beginners_2025/ros2_ws/log) by extension 'ignore'
[0.256s] Level 1:colcon.colcon_core.package_identification:_identify(/home/rharvey/code/ros2_for_beginners_2025/ros2_ws/log) ignored
[0.256s] Level 1:colcon.colcon_core.package_identification:_identify(/home/rharvey/code/ros2_for_beginners_2025/ros2_ws/src) by extensions ['ignore', 'ignore_ament_install']
[0.256s] Level 1:colcon.colcon_core.package_identification:_identify(/home/rharvey/code/ros2_for_beginners_2025/ros2_ws/src) by extension 'ignore'
[0.256s] Level 1:colcon.colcon_core.package_identification:_identify(/home/rharvey/code/ros2_for_beginners_2025/ros2_ws/src) by extension 'ignore_ament_install'
[0.256s] Level 1:colcon.colcon_core.package_identification:_identify(/home/rharvey/code/ros2_for_beginners_2025/ros2_ws/src) by extensions ['colcon_pkg']
[0.256s] Level 1:colcon.colcon_core.package_identification:_identify(/home/rharvey/code/ros2_for_beginners_2025/ros2_ws/src) by extension 'colcon_pkg'
[0.256s] Level 1:colcon.colcon_core.package_identification:_identify(/home/rharvey/code/ros2_for_beginners_2025/ros2_ws/src) by extensions ['colcon_meta']
[0.257s] Level 1:colcon.colcon_core.package_identification:_identify(/home/rharvey/code/ros2_for_beginners_2025/ros2_ws/src) by extension 'colcon_meta'
[0.257s] Level 1:colcon.colcon_core.package_identification:_identify(/home/rharvey/code/ros2_for_beginners_2025/ros2_ws/src) by extensions ['ros']
[0.257s] Level 1:colcon.colcon_core.package_identification:_identify(/home/rharvey/code/ros2_for_beginners_2025/ros2_ws/src) by extension 'ros'
[0.257s] Level 1:colcon.colcon_core.package_identification:_identify(/home/rharvey/code/ros2_for_beginners_2025/ros2_ws/src) by extensions ['cmake', 'python']
[0.257s] Level 1:colcon.colcon_core.package_identification:_identify(/home/rharvey/code/ros2_for_beginners_2025/ros2_ws/src) by extension 'cmake'
[0.257s] Level 1:colcon.colcon_core.package_identification:_identify(/home/rharvey/code/ros2_for_beginners_2025/ros2_ws/src) by extension 'python'
[0.257s] Level 1:colcon.colcon_core.package_identification:_identify(/home/rharvey/code/ros2_for_beginners_2025/ros2_ws/src) by extensions ['python_setup_py']
[0.257s] Level 1:colcon.colcon_core.package_identification:_identify(/home/rharvey/code/ros2_for_beginners_2025/ros2_ws/src) by extension 'python_setup_py'
[0.258s] Level 1:colcon.colcon_core.package_identification:_identify(/home/rharvey/code/ros2_for_beginners_2025/ros2_ws/src/my_cpp_pkg) by extensions ['ignore', 'ignore_ament_install']
[0.258s] Level 1:colcon.colcon_core.package_identification:_identify(/home/rharvey/code/ros2_for_beginners_2025/ros2_ws/src/my_cpp_pkg) by extension 'ignore'
[0.258s] Level 1:colcon.colcon_core.package_identification:_identify(/home/rharvey/code/ros2_for_beginners_2025/ros2_ws/src/my_cpp_pkg) by extension 'ignore_ament_install'
[0.258s] Level 1:colcon.colcon_core.package_identification:_identify(/home/rharvey/code/ros2_for_beginners_2025/ros2_ws/src/my_cpp_pkg) by extensions ['colcon_pkg']
[0.258s] Level 1:colcon.colcon_core.package_identification:_identify(/home/rharvey/code/ros2_for_beginners_2025/ros2_ws/src/my_cpp_pkg) by extension 'colcon_pkg'
[0.258s] Level 1:colcon.colcon_core.package_identification:_identify(/home/rharvey/code/ros2_for_beginners_2025/ros2_ws/src/my_cpp_pkg) by extensions ['colcon_meta']
[0.258s] Level 1:colcon.colcon_core.package_identification:_identify(/home/rharvey/code/ros2_for_beginners_2025/ros2_ws/src/my_cpp_pkg) by extension 'colcon_meta'
[0.258s] Level 1:colcon.colcon_core.package_identification:_identify(/home/rharvey/code/ros2_for_beginners_2025/ros2_ws/src/my_cpp_pkg) by extensions ['ros']
[0.258s] Level 1:colcon.colcon_core.package_identification:_identify(/home/rharvey/code/ros2_for_beginners_2025/ros2_ws/src/my_cpp_pkg) by extension 'ros'
[0.262s] DEBUG:colcon.colcon_core.package_identification:Package '/home/rharvey/code/ros2_for_beginners_2025/ros2_ws/src/my_cpp_pkg' with type 'ros.ament_cmake' and name 'my_cpp_pkg'
[0.262s] Level 1:colcon.colcon_core.package_identification:_identify(/home/rharvey/code/ros2_for_beginners_2025/ros2_ws/src/my_py_pkg) by extensions ['ignore', 'ignore_ament_install']
[0.262s] Level 1:colcon.colcon_core.package_identification:_identify(/home/rharvey/code/ros2_for_beginners_2025/ros2_ws/src/my_py_pkg) by extension 'ignore'
[0.262s] Level 1:colcon.colcon_core.package_identification:_identify(/home/rharvey/code/ros2_for_beginners_2025/ros2_ws/src/my_py_pkg) by extension 'ignore_ament_install'
[0.262s] Level 1:colcon.colcon_core.package_identification:_identify(/home/rharvey/code/ros2_for_beginners_2025/ros2_ws/src/my_py_pkg) by extensions ['colcon_pkg']
[0.262s] Level 1:colcon.colcon_core.package_identification:_identify(/home/rharvey/code/ros2_for_beginners_2025/ros2_ws/src/my_py_pkg) by extension 'colcon_pkg'
[0.263s] Level 1:colcon.colcon_core.package_identification:_identify(/home/rharvey/code/ros2_for_beginners_2025/ros2_ws/src/my_py_pkg) by extensions ['colcon_meta']
[0.263s] Level 1:colcon.colcon_core.package_identification:_identify(/home/rharvey/code/ros2_for_beginners_2025/ros2_ws/src/my_py_pkg) by extension 'colcon_meta'
[0.263s] Level 1:colcon.colcon_core.package_identification:_identify(/home/rharvey/code/ros2_for_beginners_2025/ros2_ws/src/my_py_pkg) by extensions ['ros']
[0.263s] Level 1:colcon.colcon_core.package_identification:_identify(/home/rharvey/code/ros2_for_beginners_2025/ros2_ws/src/my_py_pkg) by extension 'ros'
[0.263s] DEBUG:colcon.colcon_core.package_identification:Package '/home/rharvey/code/ros2_for_beginners_2025/ros2_ws/src/my_py_pkg' with type 'ros.ament_python' and name 'my_py_pkg'
[0.264s] Level 1:colcon.colcon_core.package_discovery:discover_packages(recursive) using defaults
[0.286s] Level 1:colcon.colcon_core.package_discovery:discover_packages(prefix_path) check parameters
[0.286s] Level 1:colcon.colcon_core.package_discovery:discover_packages(prefix_path) discover
[0.289s] DEBUG:colcon.colcon_installed_package_information.package_discovery:Found 2 installed packages in /home/rharvey/code/ros2_for_beginners_2025/ros2_ws/install
[0.291s] DEBUG:colcon.colcon_installed_package_information.package_discovery:Found 285 installed packages in /opt/ros/jazzy
[0.291s] Level 1:colcon.colcon_core.package_discovery:discover_packages(prefix_path) using defaults
[0.345s] Level 5:colcon.colcon_core.verb:set package 'my_cpp_pkg' build argument 'cmake_args' from command line to '['-DCMAKE_BUILD_TYPE=RelWithDebInfo']'
[0.345s] Level 5:colcon.colcon_core.verb:set package 'my_cpp_pkg' build argument 'cmake_target' from command line to 'None'
[0.345s] Level 5:colcon.colcon_core.verb:set package 'my_cpp_pkg' build argument 'cmake_target_skip_unavailable' from command line to 'False'
[0.345s] Level 5:colcon.colcon_core.verb:set package 'my_cpp_pkg' build argument 'cmake_clean_cache' from command line to 'False'
[0.345s] Level 5:colcon.colcon_core.verb:set package 'my_cpp_pkg' build argument 'cmake_clean_first' from command line to 'False'
[0.345s] Level 5:colcon.colcon_core.verb:set package 'my_cpp_pkg' build argument 'cmake_force_configure' from command line to 'False'
[0.345s] Level 5:colcon.colcon_core.verb:set package 'my_cpp_pkg' build argument 'ament_cmake_args' from command line to 'None'
[0.345s] Level 5:colcon.colcon_core.verb:set package 'my_cpp_pkg' build argument 'catkin_cmake_args' from command line to 'None'
[0.345s] Level 5:colcon.colcon_core.verb:set package 'my_cpp_pkg' build argument 'catkin_skip_building_tests' from command line to 'False'
[0.346s] DEBUG:colcon.colcon_core.verb:Building package 'my_cpp_pkg' with the following arguments: {'ament_cmake_args': None, 'build_base': '/home/rharvey/code/ros2_for_beginners_2025/ros2_ws/build/my_cpp_pkg', 'catkin_cmake_args': None, 'catkin_skip_building_tests': False, 'cmake_args': ['-DCMAKE_BUILD_TYPE=RelWithDebInfo'], 'cmake_clean_cache': False, 'cmake_clean_first': False, 'cmake_force_configure': False, 'cmake_target': None, 'cmake_target_skip_unavailable': False, 'install_base': '/home/rharvey/code/ros2_for_beginners_2025/ros2_ws/install/my_cpp_pkg', 'merge_install': False, 'path': '/home/rharvey/code/ros2_for_beginners_2025/ros2_ws/src/my_cpp_pkg', 'symlink_install': True, 'test_result_base': None}
[0.346s] Level 5:colcon.colcon_core.verb:set package 'my_py_pkg' build argument 'cmake_args' from command line to '['-DCMAKE_BUILD_TYPE=RelWithDebInfo']'
[0.346s] Level 5:colcon.colcon_core.verb:set package 'my_py_pkg' build argument 'cmake_target' from command line to 'None'
[0.346s] Level 5:colcon.colcon_core.verb:set package 'my_py_pkg' build argument 'cmake_target_skip_unavailable' from command line to 'False'
[0.346s] Level 5:colcon.colcon_core.verb:set package 'my_py_pkg' build argument 'cmake_clean_cache' from command line to 'False'
[0.346s] Level 5:colcon.colcon_core.verb:set package 'my_py_pkg' build argument 'cmake_clean_first' from command line to 'False'
[0.346s] Level 5:colcon.colcon_core.verb:set package 'my_py_pkg' build argument 'cmake_force_configure' from command line to 'False'
[0.346s] Level 5:colcon.colcon_core.verb:set package 'my_py_pkg' build argument 'ament_cmake_args' from command line to 'None'
[0.346s] Level 5:colcon.colcon_core.verb:set package 'my_py_pkg' build argument 'catkin_cmake_args' from command line to 'None'
[0.347s] Level 5:colcon.colcon_core.verb:set package 'my_py_pkg' build argument 'catkin_skip_building_tests' from command line to 'False'
[0.347s] DEBUG:colcon.colcon_core.verb:Building package 'my_py_pkg' with the following arguments: {'ament_cmake_args': None, 'build_base': '/home/rharvey/code/ros2_for_beginners_2025/ros2_ws/build/my_py_pkg', 'catkin_cmake_args': None, 'catkin_skip_building_tests': False, 'cmake_args': ['-DCMAKE_BUILD_TYPE=RelWithDebInfo'], 'cmake_clean_cache': False, 'cmake_clean_first': False, 'cmake_force_configure': False, 'cmake_target': None, 'cmake_target_skip_unavailable': False, 'install_base': '/home/rharvey/code/ros2_for_beginners_2025/ros2_ws/install/my_py_pkg', 'merge_install': False, 'path': '/home/rharvey/code/ros2_for_beginners_2025/ros2_ws/src/my_py_pkg', 'symlink_install': True, 'test_result_base': None}
[0.347s] INFO:colcon.colcon_core.executor:Executing jobs using 'parallel' executor
[0.348s] DEBUG:colcon.colcon_parallel_executor.executor.parallel:run_until_complete
[0.349s] INFO:colcon.colcon_ros.task.ament_cmake.build:Building ROS package in '/home/rharvey/code/ros2_for_beginners_2025/ros2_ws/src/my_cpp_pkg' with build type 'ament_cmake'
[0.349s] INFO:colcon.colcon_cmake.task.cmake.build:Building CMake package in '/home/rharvey/code/ros2_for_beginners_2025/ros2_ws/src/my_cpp_pkg'
[0.355s] INFO:colcon.colcon_core.plugin_system:Skipping extension 'colcon_core.shell.bat': Not used on non-Windows systems
[0.355s] INFO:colcon.colcon_core.shell:Skip shell extension 'powershell' for command environment: Not usable outside of PowerShell
[0.355s] DEBUG:colcon.colcon_core.shell:Skip shell extension 'dsv' for command environment
[0.360s] INFO:colcon.colcon_ros.task.ament_python.build:Building ROS package in '/home/rharvey/code/ros2_for_beginners_2025/ros2_ws/src/my_py_pkg' with build type 'ament_python'
[0.360s] Level 1:colcon.colcon_core.shell:create_environment_hook('my_py_pkg', 'ament_prefix_path')
[0.360s] INFO:colcon.colcon_core.shell:Creating environment hook '/home/rharvey/code/ros2_for_beginners_2025/ros2_ws/install/my_py_pkg/share/my_py_pkg/hook/ament_prefix_path.ps1'
[0.362s] INFO:colcon.colcon_core.shell:Creating environment descriptor '/home/rharvey/code/ros2_for_beginners_2025/ros2_ws/install/my_py_pkg/share/my_py_pkg/hook/ament_prefix_path.dsv'
[0.362s] INFO:colcon.colcon_core.shell:Creating environment hook '/home/rharvey/code/ros2_for_beginners_2025/ros2_ws/install/my_py_pkg/share/my_py_pkg/hook/ament_prefix_path.sh'
[0.363s] INFO:colcon.colcon_core.shell:Skip shell extension 'powershell' for command environment: Not usable outside of PowerShell
[0.363s] DEBUG:colcon.colcon_core.shell:Skip shell extension 'dsv' for command environment
[0.373s] DEBUG:colcon.colcon_core.event_handler.log_command:Invoking command in '/home/rharvey/code/ros2_for_beginners_2025/ros2_ws/build/my_cpp_pkg': CMAKE_PREFIX_PATH=${CMAKE_PREFIX_PATH}:/opt/ros/jazzy DEBUGINFOD_URLS=https://debuginfod.ubuntu.com /usr/bin/cmake /home/rharvey/code/ros2_for_beginners_2025/ros2_ws/src/my_cpp_pkg -DCMAKE_BUILD_TYPE=RelWithDebInfo -DAMENT_CMAKE_SYMLINK_INSTALL=1 -DCMAKE_INSTALL_PREFIX=/home/rharvey/code/ros2_for_beginners_2025/ros2_ws/install/my_cpp_pkg
[0.684s] INFO:colcon.colcon_core.task.python.build:Building Python package in '/home/rharvey/code/ros2_for_beginners_2025/ros2_ws/src/my_py_pkg'
[0.684s] INFO:colcon.colcon_core.shell:Skip shell extension 'powershell' for command environment: Not usable outside of PowerShell
[0.684s] DEBUG:colcon.colcon_core.shell:Skip shell extension 'dsv' for command environment
[1.282s] DEBUG:colcon.colcon_core.event_handler.log_command:Invoked command in '/home/rharvey/code/ros2_for_beginners_2025/ros2_ws/build/my_cpp_pkg' returned '0': CMAKE_PREFIX_PATH=${CMAKE_PREFIX_PATH}:/opt/ros/jazzy DEBUGINFOD_URLS=https://debuginfod.ubuntu.com /usr/bin/cmake /home/rharvey/code/ros2_for_beginners_2025/ros2_ws/src/my_cpp_pkg -DCMAKE_BUILD_TYPE=RelWithDebInfo -DAMENT_CMAKE_SYMLINK_INSTALL=1 -DCMAKE_INSTALL_PREFIX=/home/rharvey/code/ros2_for_beginners_2025/ros2_ws/install/my_cpp_pkg
[1.283s] DEBUG:colcon.colcon_core.event_handler.log_command:Invoking command in '/home/rharvey/code/ros2_for_beginners_2025/ros2_ws/build/my_cpp_pkg': CMAKE_PREFIX_PATH=${CMAKE_PREFIX_PATH}:/opt/ros/jazzy DEBUGINFOD_URLS=https://debuginfod.ubuntu.com /usr/bin/cmake --build /home/rharvey/code/ros2_for_beginners_2025/ros2_ws/build/my_cpp_pkg -- -j6 -l6
[1.592s] DEBUG:colcon.colcon_core.task.python.build:While undoing a previous installation files outside the Python library path are being ignored: /home/rharvey/code/ros2_for_beginners_2025/ros2_ws/install/my_py_pkg/share/ament_index/resource_index/packages/my_py_pkg
[1.592s] DEBUG:colcon.colcon_core.task.python.build:While undoing a previous installation files outside the Python library path are being ignored: /home/rharvey/code/ros2_for_beginners_2025/ros2_ws/install/my_py_pkg/share/my_py_pkg/package.xml
[1.592s] DEBUG:colcon.colcon_core.task.python.build:While undoing a previous installation files outside the Python library path are being ignored: /home/rharvey/code/ros2_for_beginners_2025/ros2_ws/install/my_py_pkg/lib/my_py_pkg/py_node
[1.595s] DEBUG:colcon.colcon_core.event_handler.log_command:Invoking command in '/home/rharvey/code/ros2_for_beginners_2025/ros2_ws/build/my_py_pkg': DEBUGINFOD_URLS=https://debuginfod.ubuntu.com PYTHONPATH=/home/rharvey/code/ros2_for_beginners_2025/ros2_ws/build/my_py_pkg/prefix_override:/usr/lib/python3/dist-packages/colcon_core/task/python/colcon_distutils_commands:/home/rharvey/code/ros2_for_beginners_2025/ros2_ws/install/my_py_pkg/lib/python3.12/site-packages:${PYTHONPATH} /usr/bin/python3 -W ignore:setup.py install is deprecated -W ignore:easy_install command is deprecated setup.py develop --editable --build-directory /home/rharvey/code/ros2_for_beginners_2025/ros2_ws/build/my_py_pkg/build --no-deps symlink_data --force
[2.609s] Level 1:colcon.colcon_core.shell:create_environment_hook('my_py_pkg', 'pythonpath_develop')
[2.611s] INFO:colcon.colcon_core.shell:Creating environment hook '/home/rharvey/code/ros2_for_beginners_2025/ros2_ws/build/my_py_pkg/share/my_py_pkg/hook/pythonpath_develop.ps1'
[2.612s] DEBUG:colcon.colcon_core.event_handler.log_command:Invoked command in '/home/rharvey/code/ros2_for_beginners_2025/ros2_ws/build/my_py_pkg' returned '0': DEBUGINFOD_URLS=https://debuginfod.ubuntu.com PYTHONPATH=/home/rharvey/code/ros2_for_beginners_2025/ros2_ws/build/my_py_pkg/prefix_override:/usr/lib/python3/dist-packages/colcon_core/task/python/colcon_distutils_commands:/home/rharvey/code/ros2_for_beginners_2025/ros2_ws/install/my_py_pkg/lib/python3.12/site-packages:${PYTHONPATH} /usr/bin/python3 -W ignore:setup.py install is deprecated -W ignore:easy_install command is deprecated setup.py develop --editable --build-directory /home/rharvey/code/ros2_for_beginners_2025/ros2_ws/build/my_py_pkg/build --no-deps symlink_data --force
[2.612s] INFO:colcon.colcon_core.shell:Creating environment descriptor '/home/rharvey/code/ros2_for_beginners_2025/ros2_ws/build/my_py_pkg/share/my_py_pkg/hook/pythonpath_develop.dsv'
[2.613s] INFO:colcon.colcon_core.shell:Creating environment hook '/home/rharvey/code/ros2_for_beginners_2025/ros2_ws/build/my_py_pkg/share/my_py_pkg/hook/pythonpath_develop.sh'
[2.621s] Level 1:colcon.colcon_core.environment:checking '/home/rharvey/code/ros2_for_beginners_2025/ros2_ws/install/my_py_pkg' for CMake module files
[2.625s] Level 1:colcon.colcon_core.environment:checking '/home/rharvey/code/ros2_for_beginners_2025/ros2_ws/install/my_py_pkg' for CMake config files
[2.626s] Level 1:colcon.colcon_core.environment:checking '/home/rharvey/code/ros2_for_beginners_2025/ros2_ws/install/my_py_pkg/lib'
[2.626s] Level 1:colcon.colcon_core.environment:checking '/home/rharvey/code/ros2_for_beginners_2025/ros2_ws/install/my_py_pkg/bin'
[2.626s] Level 1:colcon.colcon_core.environment:checking '/home/rharvey/code/ros2_for_beginners_2025/ros2_ws/install/my_py_pkg/lib/pkgconfig/my_py_pkg.pc'
[2.626s] Level 1:colcon.colcon_core.environment:checking '/home/rharvey/code/ros2_for_beginners_2025/ros2_ws/install/my_py_pkg/lib/python3.12/site-packages'
[2.627s] Level 1:colcon.colcon_core.shell:create_environment_hook('my_py_pkg', 'pythonpath')
[2.627s] INFO:colcon.colcon_core.shell:Creating environment hook '/home/rharvey/code/ros2_for_beginners_2025/ros2_ws/install/my_py_pkg/share/my_py_pkg/hook/pythonpath.ps1'
[2.628s] INFO:colcon.colcon_core.shell:Creating environment descriptor '/home/rharvey/code/ros2_for_beginners_2025/ros2_ws/install/my_py_pkg/share/my_py_pkg/hook/pythonpath.dsv'
[2.628s] INFO:colcon.colcon_core.shell:Creating environment hook '/home/rharvey/code/ros2_for_beginners_2025/ros2_ws/install/my_py_pkg/share/my_py_pkg/hook/pythonpath.sh'
[2.629s] Level 1:colcon.colcon_core.environment:checking '/home/rharvey/code/ros2_for_beginners_2025/ros2_ws/install/my_py_pkg/bin'
[2.630s] Level 1:colcon.colcon_core.environment:create_environment_scripts_only(my_py_pkg)
[2.631s] INFO:colcon.colcon_core.shell:Creating package script '/home/rharvey/code/ros2_for_beginners_2025/ros2_ws/install/my_py_pkg/share/my_py_pkg/package.ps1'
[2.632s] INFO:colcon.colcon_core.shell:Creating package descriptor '/home/rharvey/code/ros2_for_beginners_2025/ros2_ws/install/my_py_pkg/share/my_py_pkg/package.dsv'
[2.633s] INFO:colcon.colcon_core.shell:Creating package script '/home/rharvey/code/ros2_for_beginners_2025/ros2_ws/install/my_py_pkg/share/my_py_pkg/package.sh'
[2.634s] INFO:colcon.colcon_core.shell:Creating package script '/home/rharvey/code/ros2_for_beginners_2025/ros2_ws/install/my_py_pkg/share/my_py_pkg/package.bash'
[2.634s] INFO:colcon.colcon_core.shell:Creating package script '/home/rharvey/code/ros2_for_beginners_2025/ros2_ws/install/my_py_pkg/share/my_py_pkg/package.zsh'
[2.635s] Level 1:colcon.colcon_core.environment:create_file_with_runtime_dependencies(/home/rharvey/code/ros2_for_beginners_2025/ros2_ws/install/my_py_pkg/share/colcon-core/packages/my_py_pkg)
[6.135s] DEBUG:colcon.colcon_core.event_handler.log_command:Invoked command in '/home/rharvey/code/ros2_for_beginners_2025/ros2_ws/build/my_cpp_pkg' returned '0': CMAKE_PREFIX_PATH=${CMAKE_PREFIX_PATH}:/opt/ros/jazzy DEBUGINFOD_URLS=https://debuginfod.ubuntu.com /usr/bin/cmake --build /home/rharvey/code/ros2_for_beginners_2025/ros2_ws/build/my_cpp_pkg -- -j6 -l6
[6.155s] DEBUG:colcon.colcon_core.event_handler.log_command:Invoking command in '/home/rharvey/code/ros2_for_beginners_2025/ros2_ws/build/my_cpp_pkg': CMAKE_PREFIX_PATH=${CMAKE_PREFIX_PATH}:/opt/ros/jazzy DEBUGINFOD_URLS=https://debuginfod.ubuntu.com /usr/bin/cmake --install /home/rharvey/code/ros2_for_beginners_2025/ros2_ws/build/my_cpp_pkg
[6.446s] Level 1:colcon.colcon_core.environment:create_environment_scripts_only(my_cpp_pkg)
[6.448s] Level 1:colcon.colcon_core.environment:checking '/home/rharvey/code/ros2_for_beginners_2025/ros2_ws/install/my_cpp_pkg' for CMake module files
[6.448s] Level 1:colcon.colcon_core.environment:checking '/home/rharvey/code/ros2_for_beginners_2025/ros2_ws/install/my_cpp_pkg' for CMake config files
[6.447s] DEBUG:colcon.colcon_core.event_handler.log_command:Invoked command in '/home/rharvey/code/ros2_for_beginners_2025/ros2_ws/build/my_cpp_pkg' returned '0': CMAKE_PREFIX_PATH=${CMAKE_PREFIX_PATH}:/opt/ros/jazzy DEBUGINFOD_URLS=https://debuginfod.ubuntu.com /usr/bin/cmake --install /home/rharvey/code/ros2_for_beginners_2025/ros2_ws/build/my_cpp_pkg
[6.449s] Level 1:colcon.colcon_core.shell:create_environment_hook('my_cpp_pkg', 'cmake_prefix_path')
[6.453s] INFO:colcon.colcon_core.shell:Creating environment hook '/home/rharvey/code/ros2_for_beginners_2025/ros2_ws/install/my_cpp_pkg/share/my_cpp_pkg/hook/cmake_prefix_path.ps1'
[6.454s] INFO:colcon.colcon_core.shell:Creating environment descriptor '/home/rharvey/code/ros2_for_beginners_2025/ros2_ws/install/my_cpp_pkg/share/my_cpp_pkg/hook/cmake_prefix_path.dsv'
[6.455s] INFO:colcon.colcon_core.shell:Creating environment hook '/home/rharvey/code/ros2_for_beginners_2025/ros2_ws/install/my_cpp_pkg/share/my_cpp_pkg/hook/cmake_prefix_path.sh'
[6.457s] Level 1:colcon.colcon_core.environment:checking '/home/rharvey/code/ros2_for_beginners_2025/ros2_ws/install/my_cpp_pkg/lib'
[6.459s] Level 1:colcon.colcon_core.environment:checking '/home/rharvey/code/ros2_for_beginners_2025/ros2_ws/install/my_cpp_pkg/bin'
[6.459s] Level 1:colcon.colcon_core.environment:checking '/home/rharvey/code/ros2_for_beginners_2025/ros2_ws/install/my_cpp_pkg/lib/pkgconfig/my_cpp_pkg.pc'
[6.460s] Level 1:colcon.colcon_core.environment:checking '/home/rharvey/code/ros2_for_beginners_2025/ros2_ws/install/my_cpp_pkg/lib/python3.12/site-packages'
[6.461s] Level 1:colcon.colcon_core.environment:checking '/home/rharvey/code/ros2_for_beginners_2025/ros2_ws/install/my_cpp_pkg/bin'
[6.461s] INFO:colcon.colcon_core.shell:Creating package script '/home/rharvey/code/ros2_for_beginners_2025/ros2_ws/install/my_cpp_pkg/share/my_cpp_pkg/package.ps1'
[6.462s] INFO:colcon.colcon_core.shell:Creating package descriptor '/home/rharvey/code/ros2_for_beginners_2025/ros2_ws/install/my_cpp_pkg/share/my_cpp_pkg/package.dsv'
[6.463s] INFO:colcon.colcon_core.shell:Creating package script '/home/rharvey/code/ros2_for_beginners_2025/ros2_ws/install/my_cpp_pkg/share/my_cpp_pkg/package.sh'
[6.464s] INFO:colcon.colcon_core.shell:Creating package script '/home/rharvey/code/ros2_for_beginners_2025/ros2_ws/install/my_cpp_pkg/share/my_cpp_pkg/package.bash'
[6.466s] INFO:colcon.colcon_core.shell:Creating package script '/home/rharvey/code/ros2_for_beginners_2025/ros2_ws/install/my_cpp_pkg/share/my_cpp_pkg/package.zsh'
[6.467s] Level 1:colcon.colcon_core.environment:create_file_with_runtime_dependencies(/home/rharvey/code/ros2_for_beginners_2025/ros2_ws/install/my_cpp_pkg/share/colcon-core/packages/my_cpp_pkg)
[6.468s] Level 1:colcon.colcon_core.environment:create_environment_scripts_only(my_cpp_pkg)
[6.468s] Level 1:colcon.colcon_core.environment:checking '/home/rharvey/code/ros2_for_beginners_2025/ros2_ws/install/my_cpp_pkg' for CMake module files
[6.469s] Level 1:colcon.colcon_core.environment:checking '/home/rharvey/code/ros2_for_beginners_2025/ros2_ws/install/my_cpp_pkg' for CMake config files
[6.469s] Level 1:colcon.colcon_core.shell:create_environment_hook('my_cpp_pkg', 'cmake_prefix_path')
[6.469s] INFO:colcon.colcon_core.shell:Creating environment hook '/home/rharvey/code/ros2_for_beginners_2025/ros2_ws/install/my_cpp_pkg/share/my_cpp_pkg/hook/cmake_prefix_path.ps1'
[6.470s] INFO:colcon.colcon_core.shell:Creating environment descriptor '/home/rharvey/code/ros2_for_beginners_2025/ros2_ws/install/my_cpp_pkg/share/my_cpp_pkg/hook/cmake_prefix_path.dsv'
[6.471s] INFO:colcon.colcon_core.shell:Creating environment hook '/home/rharvey/code/ros2_for_beginners_2025/ros2_ws/install/my_cpp_pkg/share/my_cpp_pkg/hook/cmake_prefix_path.sh'
[6.472s] Level 1:colcon.colcon_core.environment:checking '/home/rharvey/code/ros2_for_beginners_2025/ros2_ws/install/my_cpp_pkg/lib'
[6.472s] Level 1:colcon.colcon_core.environment:checking '/home/rharvey/code/ros2_for_beginners_2025/ros2_ws/install/my_cpp_pkg/bin'
[6.472s] Level 1:colcon.colcon_core.environment:checking '/home/rharvey/code/ros2_for_beginners_2025/ros2_ws/install/my_cpp_pkg/lib/pkgconfig/my_cpp_pkg.pc'
[6.472s] Level 1:colcon.colcon_core.environment:checking '/home/rharvey/code/ros2_for_beginners_2025/ros2_ws/install/my_cpp_pkg/lib/python3.12/site-packages'
[6.472s] Level 1:colcon.colcon_core.environment:checking '/home/rharvey/code/ros2_for_beginners_2025/ros2_ws/install/my_cpp_pkg/bin'
[6.473s] INFO:colcon.colcon_core.shell:Creating package script '/home/rharvey/code/ros2_for_beginners_2025/ros2_ws/install/my_cpp_pkg/share/my_cpp_pkg/package.ps1'
[6.474s] INFO:colcon.colcon_core.shell:Creating package descriptor '/home/rharvey/code/ros2_for_beginners_2025/ros2_ws/install/my_cpp_pkg/share/my_cpp_pkg/package.dsv'
[6.474s] INFO:colcon.colcon_core.shell:Creating package script '/home/rharvey/code/ros2_for_beginners_2025/ros2_ws/install/my_cpp_pkg/share/my_cpp_pkg/package.sh'
[6.475s] INFO:colcon.colcon_core.shell:Creating package script '/home/rharvey/code/ros2_for_beginners_2025/ros2_ws/install/my_cpp_pkg/share/my_cpp_pkg/package.bash'
[6.476s] INFO:colcon.colcon_core.shell:Creating package script '/home/rharvey/code/ros2_for_beginners_2025/ros2_ws/install/my_cpp_pkg/share/my_cpp_pkg/package.zsh'
[6.477s] Level 1:colcon.colcon_core.environment:create_file_with_runtime_dependencies(/home/rharvey/code/ros2_for_beginners_2025/ros2_ws/install/my_cpp_pkg/share/colcon-core/packages/my_cpp_pkg)
[6.479s] DEBUG:colcon.colcon_parallel_executor.executor.parallel:closing loop
[6.481s] DEBUG:colcon.colcon_parallel_executor.executor.parallel:loop closed
[6.481s] DEBUG:colcon.colcon_parallel_executor.executor.parallel:run_until_complete finished with '0'
[6.481s] DEBUG:colcon.colcon_core.event_reactor:joining thread
[6.493s] INFO:colcon.colcon_core.plugin_system:Skipping extension 'colcon_notification.desktop_notification.terminal_notifier': Not used on non-Darwin systems
[6.494s] INFO:colcon.colcon_core.plugin_system:Skipping extension 'colcon_notification.desktop_notification.win32': Not used on non-Windows systems
[6.494s] INFO:colcon.colcon_notification.desktop_notification:Sending desktop notification using 'notify2'
[6.523s] DEBUG:colcon.colcon_core.event_reactor:joined thread
[6.524s] INFO:colcon.colcon_core.shell:Creating prefix script '/home/rharvey/code/ros2_for_beginners_2025/ros2_ws/install/local_setup.ps1'
[6.525s] INFO:colcon.colcon_core.shell:Creating prefix util module '/home/rharvey/code/ros2_for_beginners_2025/ros2_ws/install/_local_setup_util_ps1.py'
[6.529s] INFO:colcon.colcon_core.shell:Creating prefix chain script '/home/rharvey/code/ros2_for_beginners_2025/ros2_ws/install/setup.ps1'
[6.533s] INFO:colcon.colcon_core.shell:Creating prefix script '/home/rharvey/code/ros2_for_beginners_2025/ros2_ws/install/local_setup.sh'
[6.535s] INFO:colcon.colcon_core.shell:Creating prefix util module '/home/rharvey/code/ros2_for_beginners_2025/ros2_ws/install/_local_setup_util_sh.py'
[6.536s] INFO:colcon.colcon_core.shell:Creating prefix chain script '/home/rharvey/code/ros2_for_beginners_2025/ros2_ws/install/setup.sh'
[6.537s] INFO:colcon.colcon_core.shell:Creating prefix script '/home/rharvey/code/ros2_for_beginners_2025/ros2_ws/install/local_setup.bash'
[6.542s] INFO:colcon.colcon_core.shell:Creating prefix chain script '/home/rharvey/code/ros2_for_beginners_2025/ros2_ws/install/setup.bash'
[6.545s] INFO:colcon.colcon_core.shell:Creating prefix script '/home/rharvey/code/ros2_for_beginners_2025/ros2_ws/install/local_setup.zsh'
[6.546s] INFO:colcon.colcon_core.shell:Creating prefix chain script '/home/rharvey/code/ros2_for_beginners_2025/ros2_ws/install/setup.zsh'
