[1.169s] Invoking command in '/home/rharvey/code/ros2_for_beginners_2025/ros2_ws/src/my_py_pkg': DEBUGINFOD_URLS=https://debuginfod.ubuntu.com PYTHONPATH=/home/rharvey/code/ros2_for_beginners_2025/ros2_ws/build/my_py_pkg/prefix_override:/usr/lib/python3/dist-packages/colcon_core/task/python/colcon_distutils_commands:/home/rharvey/code/ros2_for_beginners_2025/ros2_ws/install/my_py_pkg/lib/python3.12/site-packages:${PYTHONPATH} /usr/bin/python3 -W ignore:setup.py install is deprecated -W ignore:easy_install command is deprecated setup.py egg_info --egg-base ../../build/my_py_pkg build --build-base /home/rharvey/code/ros2_for_beginners_2025/ros2_ws/build/my_py_pkg/build install --record /home/rharvey/code/ros2_for_beginners_2025/ros2_ws/build/my_py_pkg/install.log --single-version-externally-managed install_data
[1.550s] running egg_info
[1.577s] writing ../../build/my_py_pkg/my_py_pkg.egg-info/PKG-INFO
[1.578s] writing dependency_links to ../../build/my_py_pkg/my_py_pkg.egg-info/dependency_links.txt
[1.579s] writing entry points to ../../build/my_py_pkg/my_py_pkg.egg-info/entry_points.txt
[1.579s] writing requirements to ../../build/my_py_pkg/my_py_pkg.egg-info/requires.txt
[1.579s] writing top-level names to ../../build/my_py_pkg/my_py_pkg.egg-info/top_level.txt
[1.635s] reading manifest file '../../build/my_py_pkg/my_py_pkg.egg-info/SOURCES.txt'
[1.636s] writing manifest file '../../build/my_py_pkg/my_py_pkg.egg-info/SOURCES.txt'
[1.638s] running build
[1.639s] running build_py
[1.639s] copying my_py_pkg/my_first_node.py -> /home/rharvey/code/ros2_for_beginners_2025/ros2_ws/build/my_py_pkg/build/lib/my_py_pkg
[1.639s] running install
[1.644s] running install_lib
[1.670s] copying /home/rharvey/code/ros2_for_beginners_2025/ros2_ws/build/my_py_pkg/build/lib/my_py_pkg/my_first_node.py -> /home/rharvey/code/ros2_for_beginners_2025/ros2_ws/install/my_py_pkg/lib/python3.12/site-packages/my_py_pkg
[1.672s] byte-compiling /home/rharvey/code/ros2_for_beginners_2025/ros2_ws/install/my_py_pkg/lib/python3.12/site-packages/my_py_pkg/my_first_node.py to my_first_node.cpython-312.pyc
[1.672s] running install_data
[1.673s] running install_egg_info
[1.701s] removing '/home/rharvey/code/ros2_for_beginners_2025/ros2_ws/install/my_py_pkg/lib/python3.12/site-packages/my_py_pkg-0.0.0-py3.12.egg-info' (and everything under it)
[1.702s] Copying ../../build/my_py_pkg/my_py_pkg.egg-info to /home/rharvey/code/ros2_for_beginners_2025/ros2_ws/install/my_py_pkg/lib/python3.12/site-packages/my_py_pkg-0.0.0-py3.12.egg-info
[1.704s] running install_scripts
[1.909s] Installing py_node script to /home/rharvey/code/ros2_for_beginners_2025/ros2_ws/install/my_py_pkg/lib/my_py_pkg
[1.909s] writing list of installed files to '/home/rharvey/code/ros2_for_beginners_2025/ros2_ws/build/my_py_pkg/install.log'
[1.937s] Invoked command in '/home/rharvey/code/ros2_for_beginners_2025/ros2_ws/src/my_py_pkg' returned '0': DEBUGINFOD_URLS=https://debuginfod.ubuntu.com PYTHONPATH=/home/rharvey/code/ros2_for_beginners_2025/ros2_ws/build/my_py_pkg/prefix_override:/usr/lib/python3/dist-packages/colcon_core/task/python/colcon_distutils_commands:/home/rharvey/code/ros2_for_beginners_2025/ros2_ws/install/my_py_pkg/lib/python3.12/site-packages:${PYTHONPATH} /usr/bin/python3 -W ignore:setup.py install is deprecated -W ignore:easy_install command is deprecated setup.py egg_info --egg-base ../../build/my_py_pkg build --build-base /home/rharvey/code/ros2_for_beginners_2025/ros2_ws/build/my_py_pkg/build install --record /home/rharvey/code/ros2_for_beginners_2025/ros2_ws/build/my_py_pkg/install.log --single-version-externally-managed install_data
