[1.545s] Invoking command in '/home/rharvey/code/ros2_for_beginners_2025/ros2_ws/src/my_py_pkg': DEBUGINFOD_URLS=https://debuginfod.ubuntu.com PYTHONPATH=/home/rharvey/code/ros2_for_beginners_2025/ros2_ws/build/my_py_pkg/prefix_override:/usr/lib/python3/dist-packages/colcon_core/task/python/colcon_distutils_commands:/home/rharvey/code/ros2_for_beginners_2025/ros2_ws/install/my_py_pkg/lib/python3.12/site-packages:${PYTHONPATH} /usr/bin/python3 -W ignore:setup.py install is deprecated -W ignore:easy_install command is deprecated setup.py egg_info --egg-base ../../build/my_py_pkg build --build-base /home/rharvey/code/ros2_for_beginners_2025/ros2_ws/build/my_py_pkg/build install --record /home/rharvey/code/ros2_for_beginners_2025/ros2_ws/build/my_py_pkg/install.log --single-version-externally-managed install_data
[1.957s] running egg_info
[1.957s] creating ../../build/my_py_pkg/my_py_pkg.egg-info
[1.989s] writing ../../build/my_py_pkg/my_py_pkg.egg-info/PKG-INFO
[1.990s] writing dependency_links to ../../build/my_py_pkg/my_py_pkg.egg-info/dependency_links.txt
[1.990s] writing requirements to ../../build/my_py_pkg/my_py_pkg.egg-info/requires.txt
[1.991s] writing top-level names to ../../build/my_py_pkg/my_py_pkg.egg-info/top_level.txt
[1.991s] writing manifest file '../../build/my_py_pkg/my_py_pkg.egg-info/SOURCES.txt'
[2.056s] reading manifest file '../../build/my_py_pkg/my_py_pkg.egg-info/SOURCES.txt'
[2.057s] writing manifest file '../../build/my_py_pkg/my_py_pkg.egg-info/SOURCES.txt'
[2.058s] running build
[2.059s] running build_py
[2.059s] creating /home/rharvey/code/ros2_for_beginners_2025/ros2_ws/build/my_py_pkg/build
[2.061s] creating /home/rharvey/code/ros2_for_beginners_2025/ros2_ws/build/my_py_pkg/build/lib
[2.061s] creating /home/rharvey/code/ros2_for_beginners_2025/ros2_ws/build/my_py_pkg/build/lib/my_py_pkg
[2.062s] copying my_py_pkg/__init__.py -> /home/rharvey/code/ros2_for_beginners_2025/ros2_ws/build/my_py_pkg/build/lib/my_py_pkg
[2.062s] running install
[2.066s] running install_lib
[2.098s] creating /home/rharvey/code/ros2_for_beginners_2025/ros2_ws/install/my_py_pkg/lib/python3.12/site-packages/my_py_pkg
[2.099s] copying /home/rharvey/code/ros2_for_beginners_2025/ros2_ws/build/my_py_pkg/build/lib/my_py_pkg/__init__.py -> /home/rharvey/code/ros2_for_beginners_2025/ros2_ws/install/my_py_pkg/lib/python3.12/site-packages/my_py_pkg
[2.099s] byte-compiling /home/rharvey/code/ros2_for_beginners_2025/ros2_ws/install/my_py_pkg/lib/python3.12/site-packages/my_py_pkg/__init__.py to __init__.cpython-312.pyc
[2.101s] running install_data
[2.101s] creating /home/rharvey/code/ros2_for_beginners_2025/ros2_ws/install/my_py_pkg/share/ament_index
[2.102s] creating /home/rharvey/code/ros2_for_beginners_2025/ros2_ws/install/my_py_pkg/share/ament_index/resource_index
[2.103s] creating /home/rharvey/code/ros2_for_beginners_2025/ros2_ws/install/my_py_pkg/share/ament_index/resource_index/packages
[2.103s] copying resource/my_py_pkg -> /home/rharvey/code/ros2_for_beginners_2025/ros2_ws/install/my_py_pkg/share/ament_index/resource_index/packages
[2.104s] copying package.xml -> /home/rharvey/code/ros2_for_beginners_2025/ros2_ws/install/my_py_pkg/share/my_py_pkg
[2.104s] running install_egg_info
[2.137s] Copying ../../build/my_py_pkg/my_py_pkg.egg-info to /home/rharvey/code/ros2_for_beginners_2025/ros2_ws/install/my_py_pkg/lib/python3.12/site-packages/my_py_pkg-0.0.0-py3.12.egg-info
[2.140s] running install_scripts
[2.373s] writing list of installed files to '/home/rharvey/code/ros2_for_beginners_2025/ros2_ws/build/my_py_pkg/install.log'
[2.402s] Invoked command in '/home/rharvey/code/ros2_for_beginners_2025/ros2_ws/src/my_py_pkg' returned '0': DEBUGINFOD_URLS=https://debuginfod.ubuntu.com PYTHONPATH=/home/rharvey/code/ros2_for_beginners_2025/ros2_ws/build/my_py_pkg/prefix_override:/usr/lib/python3/dist-packages/colcon_core/task/python/colcon_distutils_commands:/home/rharvey/code/ros2_for_beginners_2025/ros2_ws/install/my_py_pkg/lib/python3.12/site-packages:${PYTHONPATH} /usr/bin/python3 -W ignore:setup.py install is deprecated -W ignore:easy_install command is deprecated setup.py egg_info --egg-base ../../build/my_py_pkg build --build-base /home/rharvey/code/ros2_for_beginners_2025/ros2_ws/build/my_py_pkg/build install --record /home/rharvey/code/ros2_for_beginners_2025/ros2_ws/build/my_py_pkg/install.log --single-version-externally-managed install_data
