[0.020s] Invoking command in '/home/rharvey/code/ros2_for_beginners_2025/ros2_ws/build/my_cpp_pkg': CMAKE_PREFIX_PATH=${CMAKE_PREFIX_PATH}:/home/rharvey/code/ros2_for_beginners_2025/ros2_ws/install/my_py_pkg:/opt/ros/jazzy DEBUGINFOD_URLS=https://debuginfod.ubuntu.com /usr/bin/cmake --build /home/rharvey/code/ros2_for_beginners_2025/ros2_ws/build/my_cpp_pkg -- -j6 -l6
[0.062s] -- Found ament_cmake: 2.5.3 (/opt/ros/jazzy/share/ament_cmake/cmake)
[0.433s] -- Found rclcpp: 28.1.6 (/opt/ros/jazzy/share/rclcpp/cmake)
[0.461s] -- Found rosidl_generator_c: 4.6.5 (/opt/ros/jazzy/share/rosidl_generator_c/cmake)
[0.470s] -- Found rosidl_generator_cpp: 4.6.5 (/opt/ros/jazzy/share/rosidl_generator_cpp/cmake)
[0.483s] -- Using all available rosidl_typesupport_c: rosidl_typesupport_fastrtps_c;rosidl_typesupport_introspection_c
[0.499s] -- Using all available rosidl_typesupport_cpp: rosidl_typesupport_fastrtps_cpp;rosidl_typesupport_introspection_cpp
[0.564s] -- Found rmw_implementation_cmake: 7.3.1 (/opt/ros/jazzy/share/rmw_implementation_cmake/cmake)
[0.565s] -- Found rmw_fastrtps_cpp: 8.4.1 (/opt/ros/jazzy/share/rmw_fastrtps_cpp/cmake)
[0.657s] -- Using RMW implementation 'rmw_fastrtps_cpp' as default
[0.733s] -- Found ament_lint_auto: 0.17.1 (/opt/ros/jazzy/share/ament_lint_auto/cmake)
[0.863s] -- Added test 'cppcheck' to perform static code analysis on C / C++ code
[0.865s] -- Configured cppcheck include dirs: 
[0.867s] -- Configured cppcheck exclude dirs and/or files: 
[0.868s] -- Added test 'lint_cmake' to check CMake code style
[0.871s] -- Added test 'uncrustify' to check C / C++ code style
[0.871s] -- Configured uncrustify additional arguments: 
[0.873s] -- Added test 'xmllint' to check XML markup files
[0.875s] -- Configuring done (0.8s)
[0.889s] -- Generating done (0.0s)
[0.892s] -- Build files have been written to: /home/rharvey/code/ros2_for_beginners_2025/ros2_ws/build/my_cpp_pkg
[0.955s] [ 50%] [32mBuilding CXX object CMakeFiles/cpp_node.dir/src/my_first_node.cpp.o[0m
[3.921s] In file included from [01m[K/usr/include/c++/13/bits/stl_tempbuf.h:61[m[K,
[3.921s]                  from [01m[K/usr/include/c++/13/memory:66[m[K,
[3.921s]                  from [01m[K/opt/ros/jazzy/include/rclcpp/rclcpp/rclcpp.hpp:169[m[K,
[3.922s]                  from [01m[K/home/rharvey/code/ros2_for_beginners_2025/ros2_ws/src/my_cpp_pkg/src/my_first_node.cpp:1[m[K:
[3.925s] /usr/include/c++/13/bits/stl_construct.h: In instantiation of ‘[01m[Kvoid std::[01;32m[K_Construct[m[K(_Tp*, _Args&& ...) [35m[K[with _Tp = rclcpp::Node; _Args = {}][m[K[m[K’:
[3.926s] [01m[K/usr/include/c++/13/bits/alloc_traits.h:661:19:[m[K   required from ‘[01m[Kstatic void std::allocator_traits<std::allocator<void> >::[01;32m[Kconstruct[m[K(allocator_type&, _Up*, _Args&& ...) [35m[K[with _Up = rclcpp::Node; _Args = {}; allocator_type = std::allocator<void>][m[K[m[K’
[3.927s] [01m[K/usr/include/c++/13/bits/shared_ptr_base.h:604:39:[m[K   required from ‘[01m[Kstd::_Sp_counted_ptr_inplace<_Tp, _Alloc, _Lp>::[01;32m[K_Sp_counted_ptr_inplace[m[K(_Alloc, _Args&& ...) [35m[K[with _Args = {}; _Tp = rclcpp::Node; _Alloc = std::allocator<void>; __gnu_cxx::_Lock_policy _Lp = __gnu_cxx::_S_atomic][m[K[m[K’
[3.927s] [01m[K/usr/include/c++/13/bits/shared_ptr_base.h:971:16:[m[K   required from ‘[01m[Kstd::__shared_count<_Lp>::[01;32m[K__shared_count[m[K(_Tp*&, std::_Sp_alloc_shared_tag<_Alloc>, _Args&& ...) [35m[K[with _Tp = rclcpp::Node; _Alloc = std::allocator<void>; _Args = {}; __gnu_cxx::_Lock_policy _Lp = __gnu_cxx::_S_atomic][m[K[m[K’
[3.928s] [01m[K/usr/include/c++/13/bits/shared_ptr_base.h:1712:14:[m[K   required from ‘[01m[Kstd::__shared_ptr<_Tp, _Lp>::[01;32m[K__shared_ptr[m[K(std::_Sp_alloc_shared_tag<_Tp>, _Args&& ...) [35m[K[with _Alloc = std::allocator<void>; _Args = {}; _Tp = rclcpp::Node; __gnu_cxx::_Lock_policy _Lp = __gnu_cxx::_S_atomic][m[K[m[K’
[3.928s] [01m[K/usr/include/c++/13/bits/shared_ptr.h:464:59:[m[K   required from ‘[01m[Kstd::shared_ptr<_Tp>::[01;32m[Kshared_ptr[m[K(std::_Sp_alloc_shared_tag<_Tp>, _Args&& ...) [35m[K[with _Alloc = std::allocator<void>; _Args = {}; _Tp = rclcpp::Node][m[K[m[K’
[3.928s] [01m[K/usr/include/c++/13/bits/shared_ptr.h:1009:14:[m[K   required from ‘[01m[Kstd::shared_ptr<typename std::enable_if<(! std::is_array< <template-parameter-1-1> >::value), _Tp>::type> std::[01;32m[Kmake_shared[m[K(_Args&& ...) [35m[K[with _Tp = rclcpp::Node; _Args = {}; typename enable_if<(! is_array< <template-parameter-1-1> >::value), _Tp>::type = rclcpp::Node][m[K[m[K’
[3.932s] [01m[K/home/rharvey/code/ros2_for_beginners_2025/ros2_ws/src/my_cpp_pkg/src/my_first_node.cpp:5:47:[m[K   required from here
[3.933s] [01m[K/usr/include/c++/13/bits/stl_construct.h:119:7:[m[K [01;31m[Kerror: [m[Kno matching function for call to ‘[01m[Krclcpp::Node::Node()[m[K’
[3.933s]   119 |       [01;31m[K::new((void*)__p) _Tp(std::forward<_Args>(__args)...)[m[K;
[3.933s]       |       [01;31m[K^~~~~~~~~~~~~~~~~~~~~~~~~~~~~~~~~~~~~~~~~~~~~~~~~~~~~[m[K
[3.934s] In file included from [01m[K/opt/ros/jazzy/include/rclcpp/rclcpp/executors/single_threaded_executor.hpp:28[m[K,
[3.934s]                  from [01m[K/opt/ros/jazzy/include/rclcpp/rclcpp/executors.hpp:22[m[K,
[3.934s]                  from [01m[K/opt/ros/jazzy/include/rclcpp/rclcpp/rclcpp.hpp:172[m[K:
[3.934s] [01m[K/opt/ros/jazzy/include/rclcpp/rclcpp/node.hpp:1629:3:[m[K [01;36m[Knote: [m[Kcandidate: ‘[01m[Krclcpp::Node::[01;32m[KNode[m[K(const rclcpp::Node&, const std::string&)[m[K’
[3.935s]  1629 |   [01;36m[KNode[m[K(
[3.935s]       |   [01;36m[K^~~~[m[K
[3.935s] [01m[K/opt/ros/jazzy/include/rclcpp/rclcpp/node.hpp:1629:3:[m[K [01;36m[Knote: [m[K  candidate expects 2 arguments, 0 provided
[3.936s] [01m[K/opt/ros/jazzy/include/rclcpp/rclcpp/node.hpp:103:12:[m[K [01;36m[Knote: [m[Kcandidate: ‘[01m[Krclcpp::Node::[01;32m[KNode[m[K(const std::string&, const std::string&, const rclcpp::NodeOptions&)[m[K’
[3.939s]   103 |   explicit [01;36m[KNode[m[K(
[3.939s]       |            [01;36m[K^~~~[m[K
[3.940s] [01m[K/opt/ros/jazzy/include/rclcpp/rclcpp/node.hpp:103:12:[m[K [01;36m[Knote: [m[K  candidate expects 3 arguments, 0 provided
[3.940s] [01m[K/opt/ros/jazzy/include/rclcpp/rclcpp/node.hpp:91:12:[m[K [01;36m[Knote: [m[Kcandidate: ‘[01m[Krclcpp::Node::[01;32m[KNode[m[K(const std::string&, const rclcpp::NodeOptions&)[m[K’
[3.940s]    91 |   explicit [01;36m[KNode[m[K(
[3.941s]       |            [01;36m[K^~~~[m[K
[3.941s] [01m[K/opt/ros/jazzy/include/rclcpp/rclcpp/node.hpp:91:12:[m[K [01;36m[Knote: [m[K  candidate expects 2 arguments, 0 provided
[4.040s] gmake[2]: *** [CMakeFiles/cpp_node.dir/build.make:76: CMakeFiles/cpp_node.dir/src/my_first_node.cpp.o] Error 1
[4.041s] gmake[1]: *** [CMakeFiles/Makefile2:137: CMakeFiles/cpp_node.dir/all] Error 2
[4.041s] gmake: *** [Makefile:146: all] Error 2
[4.050s] Invoked command in '/home/rharvey/code/ros2_for_beginners_2025/ros2_ws/build/my_cpp_pkg' returned '2': CMAKE_PREFIX_PATH=${CMAKE_PREFIX_PATH}:/home/rharvey/code/ros2_for_beginners_2025/ros2_ws/install/my_py_pkg:/opt/ros/jazzy DEBUGINFOD_URLS=https://debuginfod.ubuntu.com /usr/bin/cmake --build /home/rharvey/code/ros2_for_beginners_2025/ros2_ws/build/my_cpp_pkg -- -j6 -l6
